2026-02-13 19:34:23,796 [INFO] Activator:176 - 


2026-02-13 19:34:23,804 [INFO] Activator:177 - !SESSION log4j initialized
2026-02-13 19:34:33,952 [INFO] LogOutputStream:77 - [STDOUT_REDIRECT] 
2026-02-13 19:34:40,739 [INFO] ApplicationProperties:184 - Using Application install path: D:\STM32CubeIDE_1.13.2\STM32CubeIDE\plugins\com.st.stm32cube.common.mx_6.9.2.202309101412
2026-02-13 19:34:40,769 [INFO] DbMcusXml:78 - Set database path to: D:\STM32CubeIDE_1.13.2\STM32CubeIDE\plugins\com.st.stm32cube.common.mx_6.9.2.202309101412\\db\/mcu/
2026-02-13 19:34:40,769 [INFO] ApiDb:274 - Set plugin database path to: D:\STM32CubeIDE_1.13.2\STM32CubeIDE\plugins\com.st.stm32cube.common.mx_6.9.2.202309101412\\db\/plugins/boardmanager/
2026-02-13 19:34:40,771 [WARN] ApiDb:259 - Overriding images path with different value:  => D:\STM32CubeIDE_1.13.2\STM32CubeIDE\plugins\com.st.stm32cube.common.mx_6.9.2.202309101412\\db\/plugins/mcufinder/images/
2026-02-13 19:34:40,797 [INFO] ApiDb:250 - Set database path to: C:\Users\admin\.stmcufinder\plugins\mcufinder//mcu/
2026-02-13 19:34:40,798 [INFO] DbMcusAds:125 - Set database path to: C:\Users\admin\.stmcufinder\plugins\mcufinder//mcu/
2026-02-13 19:34:40,801 [INFO] CrossReferenceDbSqlite:203 - Set database path to: C:\Users\admin\.stmcufinder\plugins\mcufinder//mcu/cs/
2026-02-13 19:34:40,973 [INFO] RulesReader:64 - Compatibility file has been processed (293 Rules)
2026-02-13 19:34:41,126 [INFO] DbMcusXml:78 - Set database path to: D:\STM32CubeIDE_1.13.2\STM32CubeIDE\plugins\com.st.stm32cube.common.mx_6.9.2.202309101412\\db\/mcu/
2026-02-13 19:34:41,126 [INFO] ApiDb:274 - Set plugin database path to: D:\STM32CubeIDE_1.13.2\STM32CubeIDE\plugins\com.st.stm32cube.common.mx_6.9.2.202309101412\\db\/plugins/boardmanager/
2026-02-13 19:34:41,126 [INFO] ApiDb:261 - Set plugin images path to: D:\STM32CubeIDE_1.13.2\STM32CubeIDE\plugins\com.st.stm32cube.common.mx_6.9.2.202309101412\\db\/plugins/mcufinder/images/
2026-02-13 19:34:41,127 [WARN] DbFile:41 - Overriding database path with different value: C:\Users\admin\.stmcufinder\plugins\mcufinder/ => C:\Users\admin\.stmcufinder\plugins\mcufinder
2026-02-13 19:34:41,127 [INFO] ApiDb:250 - Set database path to: C:\Users\admin\.stmcufinder\plugins\mcufinder//mcu/
2026-02-13 19:34:41,127 [WARN] DbFile:41 - Overriding database path with different value: C:\Users\admin\.stmcufinder\plugins\mcufinder/ => C:\Users\admin\.stmcufinder\plugins\mcufinder
2026-02-13 19:34:41,127 [INFO] DbMcusAds:125 - Set database path to: C:\Users\admin\.stmcufinder\plugins\mcufinder//mcu/
2026-02-13 19:34:41,127 [WARN] DbFile:41 - Overriding database path with different value: C:\Users\admin\.stmcufinder\plugins\mcufinder/ => C:\Users\admin\.stmcufinder\plugins\mcufinder
2026-02-13 19:34:41,127 [WARN] DbFile:41 - Overriding database path with different value: C:\Users\admin\.stmcufinder\plugins\mcufinder/ => C:\Users\admin\.stmcufinder\plugins\mcufinder
2026-02-13 19:34:41,127 [INFO] CrossReferenceDbSqlite:203 - Set database path to: C:\Users\admin\.stmcufinder\plugins\mcufinder//mcu/cs/
2026-02-13 19:34:41,258 [INFO] MainPanel:262 - HeapMemory: 268435456
2026-02-13 19:34:41,473 [INFO] DbMcusXml:78 - Set database path to: D:\STM32CubeIDE_1.13.2\STM32CubeIDE\plugins\com.st.stm32cube.common.mx_6.9.2.202309101412\\db\/mcu/
2026-02-13 19:34:41,474 [INFO] ApiDb:274 - Set plugin database path to: D:\STM32CubeIDE_1.13.2\STM32CubeIDE\plugins\com.st.stm32cube.common.mx_6.9.2.202309101412\\db\/plugins/boardmanager/
2026-02-13 19:34:41,474 [INFO] ApiDb:261 - Set plugin images path to: D:\STM32CubeIDE_1.13.2\STM32CubeIDE\plugins\com.st.stm32cube.common.mx_6.9.2.202309101412\\db\/plugins/mcufinder/images/
2026-02-13 19:34:41,475 [WARN] DbFile:41 - Overriding database path with different value: C:\Users\admin\.stmcufinder\plugins\mcufinder/ => C:\Users\admin\.stmcufinder\plugins\mcufinder
2026-02-13 19:34:41,475 [INFO] ApiDb:250 - Set database path to: C:\Users\admin\.stmcufinder\plugins\mcufinder//mcu/
2026-02-13 19:34:41,475 [WARN] DbFile:41 - Overriding database path with different value: C:\Users\admin\.stmcufinder\plugins\mcufinder/ => C:\Users\admin\.stmcufinder\plugins\mcufinder
2026-02-13 19:34:41,475 [INFO] DbMcusAds:125 - Set database path to: C:\Users\admin\.stmcufinder\plugins\mcufinder//mcu/
2026-02-13 19:34:41,475 [WARN] DbFile:41 - Overriding database path with different value: C:\Users\admin\.stmcufinder\plugins\mcufinder/ => C:\Users\admin\.stmcufinder\plugins\mcufinder
2026-02-13 19:34:41,475 [WARN] DbFile:41 - Overriding database path with different value: C:\Users\admin\.stmcufinder\plugins\mcufinder/ => C:\Users\admin\.stmcufinder\plugins\mcufinder
2026-02-13 19:34:41,475 [INFO] CrossReferenceDbSqlite:203 - Set database path to: C:\Users\admin\.stmcufinder\plugins\mcufinder//mcu/cs/
2026-02-13 19:34:41,516 [INFO] ApplicationProperties:184 - Using Application install path: D:\STM32CubeIDE_1.13.2\STM32CubeIDE\plugins\com.st.stm32cube.common.mx_6.9.2.202309101412
2026-02-13 19:34:41,518 [INFO] PluginManage:196 - Search for loadable plugins [exclusion list=, ]
2026-02-13 19:34:41,520 [INFO] PluginManage:310 - Check plugin analytics
2026-02-13 19:34:41,793 [INFO] AnalyticsPlugin:253 - Accepted Software Licenses: STM32CubeMX.6.16.0
2026-02-13 19:34:41,793 [INFO] AnalyticsPlugin:255 - Accepted CMSIS Pack Licenses: 
2026-02-13 19:34:41,793 [INFO] AnalyticsPlugin:257 - Accepted Firmware Licenses: FW.L4.1.18.0
2026-02-13 19:34:41,798 [INFO] PluginManage:359 - Loaded plugin analytics (category:tool,tabindex:-1)
2026-02-13 19:34:41,798 [INFO] PluginManage:310 - Check plugin cadmodel
2026-02-13 19:34:41,835 [INFO] CADModel:105 - Init CAD model plugin
2026-02-13 19:34:41,836 [INFO] PluginManage:359 - Loaded plugin cadmodel (category:power,tabindex:5)
2026-02-13 19:34:41,836 [INFO] PluginManage:310 - Check plugin clock
2026-02-13 19:34:41,874 [INFO] PluginManage:359 - Loaded plugin clock (category:base,tabindex:2)
2026-02-13 19:34:41,875 [INFO] PluginManage:310 - Check plugin ddr
2026-02-13 19:34:41,880 [INFO] PluginManage:359 - Loaded plugin ddr (category:tool,tabindex:6)
2026-02-13 19:34:41,880 [INFO] PluginManage:310 - Check plugin filemanager
2026-02-13 19:34:42,085 [INFO] PluginManage:359 - Loaded plugin filemanager (category:base,tabindex:10)
2026-02-13 19:34:42,085 [INFO] PluginManage:310 - Check plugin ipmanager
2026-02-13 19:34:42,098 [INFO] PluginManage:359 - Loaded plugin ipmanager (category:base,tabindex:5)
2026-02-13 19:34:42,098 [INFO] PluginManage:310 - Check plugin lpbam
2026-02-13 19:34:42,128 [INFO] PluginManage:359 - Loaded plugin lpbam (category:base,tabindex:0)
2026-02-13 19:34:42,128 [INFO] PluginManage:310 - Check plugin memorymap
2026-02-13 19:34:42,177 [INFO] PluginManage:359 - Loaded plugin memorymap (category:base,tabindex:4)
2026-02-13 19:34:42,177 [INFO] PluginManage:310 - Check plugin pinoutandconfiguration
2026-02-13 19:34:42,206 [INFO] PluginManage:359 - Loaded plugin pinoutandconfiguration (category:base,tabindex:1)
2026-02-13 19:34:42,207 [INFO] PluginManage:310 - Check plugin pinoutconfig
2026-02-13 19:34:42,339 [WARN] SupportedApi:132 - Cannot load RTOS API schema: s4s-elt-must-match.1: The content of 'definitions' must match (annotation?, (simpleType | complexType)?, (unique | key | keyref)*)). A problem was found starting at: attribute.
2026-02-13 19:34:42,569 [INFO] PluginManage:359 - Loaded plugin pinoutconfig (category:base,tabindex:0)
2026-02-13 19:34:42,569 [INFO] PluginManage:310 - Check plugin power
2026-02-13 19:34:42,618 [INFO] PluginManage:359 - Loaded plugin power (category:power,tabindex:4)
2026-02-13 19:34:42,618 [INFO] PluginManage:310 - Check plugin projectmanager
2026-02-13 19:34:42,640 [INFO] PluginManage:359 - Loaded plugin projectmanager (category:projectmanager,tabindex:3)
2026-02-13 19:34:42,640 [INFO] PluginManage:310 - Check plugin thirdparty
2026-02-13 19:34:43,132 [INFO] PluginManage:359 - Loaded plugin thirdparty (category:base,tabindex:-1)
2026-02-13 19:34:43,132 [WARN] IntegrityCheckThread:84 - waiting for thirdparty lock release [integrity check]
2026-02-13 19:34:43,132 [INFO] PluginManage:310 - Check plugin tools
2026-02-13 19:34:43,132 [INFO] IntegrityCheckThread:86 - entering critical section [integrity check]
2026-02-13 19:34:43,132 [INFO] ThirdPartyUpdaterWithRetryManager:70 - Updater plugin not ready yet. [1/15]
2026-02-13 19:34:43,190 [INFO] PluginManage:359 - Loaded plugin tools (category:base,tabindex:7)
2026-02-13 19:34:43,190 [INFO] PluginManage:310 - Check plugin tutovideos
2026-02-13 19:34:43,522 [INFO] PluginManage:359 - Loaded plugin tutovideos (category:base,tabindex:-1)
2026-02-13 19:34:43,524 [INFO] PluginManage:310 - Check plugin updater
2026-02-13 19:34:43,545 [INFO] PluginManage:359 - Loaded plugin updater (category:base,tabindex:12)
2026-02-13 19:34:43,545 [INFO] PluginManage:310 - Check plugin userauth
2026-02-13 19:34:43,554 [INFO] UserAuth:113 - Init User Auth plugin
2026-02-13 19:34:43,554 [INFO] PluginManage:359 - Loaded plugin userauth (category:base,tabindex:14)
2026-02-13 19:34:43,555 [INFO] PluginManage:283 - PluginManage : Loaded plugins [17]
2026-02-13 19:34:43,934 [INFO] PinOutPanel:1499 - setPackage(No Configuration,No Configuration)
2026-02-13 19:34:44,139 [INFO] CADModel:165 - CPN selected for project level
2026-02-13 19:34:44,139 [INFO] CADModel:114 - Register for checkConnection events
2026-02-13 19:34:44,185 [INFO] IPUIPlugin:80 - create IPUIPlugin
2026-02-13 19:34:44,185 [INFO] PluginManager:220 - loadIPPluginJar : add adc
2026-02-13 19:34:44,261 [INFO] IPUIPlugin:80 - create IPUIPlugin
2026-02-13 19:34:44,261 [INFO] PluginManager:220 - loadIPPluginJar : add aes
2026-02-13 19:34:44,343 [INFO] IPUIPlugin:80 - create IPUIPlugin
2026-02-13 19:34:44,343 [INFO] PluginManager:220 - loadIPPluginJar : add can
2026-02-13 19:34:44,391 [INFO] IPUIPlugin:80 - create IPUIPlugin
2026-02-13 19:34:44,392 [INFO] PluginManager:220 - loadIPPluginJar : add comp
2026-02-13 19:34:44,447 [INFO] IPUIPlugin:80 - create IPUIPlugin
2026-02-13 19:34:44,447 [INFO] PluginManager:220 - loadIPPluginJar : add cryp
2026-02-13 19:34:44,499 [INFO] IPUIPlugin:80 - create IPUIPlugin
2026-02-13 19:34:44,499 [INFO] PluginManager:220 - loadIPPluginJar : add dfsdm
2026-02-13 19:34:44,539 [INFO] IPUIPlugin:80 - create IPUIPlugin
2026-02-13 19:34:44,539 [INFO] PluginManager:220 - loadIPPluginJar : add dma
2026-02-13 19:34:44,615 [INFO] IPUIPlugin:80 - create IPUIPlugin
2026-02-13 19:34:44,616 [INFO] PluginManager:220 - loadIPPluginJar : add dma3
2026-02-13 19:34:44,659 [INFO] IPUIPlugin:80 - create IPUIPlugin
2026-02-13 19:34:44,659 [INFO] PluginManager:220 - loadIPPluginJar : add fatfs
2026-02-13 19:34:44,739 [INFO] IPUIPlugin:80 - create IPUIPlugin
2026-02-13 19:34:44,739 [INFO] PluginManager:220 - loadIPPluginJar : add fmc
2026-02-13 19:34:44,767 [INFO] IPUIPlugin:80 - create IPUIPlugin
2026-02-13 19:34:44,767 [INFO] PluginManager:220 - loadIPPluginJar : add freertos
2026-02-13 19:34:44,805 [INFO] IPUIPlugin:80 - create IPUIPlugin
2026-02-13 19:34:44,805 [INFO] PluginManager:220 - loadIPPluginJar : add genericplugin
2026-02-13 19:34:44,977 [INFO] IPUIPlugin:80 - create IPUIPlugin
2026-02-13 19:34:44,977 [INFO] PluginManager:220 - loadIPPluginJar : add gfxmmu
2026-02-13 19:34:45,201 [INFO] IPUIPlugin:80 - create IPUIPlugin
2026-02-13 19:34:45,201 [INFO] PluginManager:220 - loadIPPluginJar : add gic
2026-02-13 19:34:45,223 [INFO] IPUIPlugin:80 - create IPUIPlugin
2026-02-13 19:34:45,223 [INFO] PluginManager:220 - loadIPPluginJar : add gpio
2026-02-13 19:34:45,371 [INFO] IPUIPlugin:80 - create IPUIPlugin
2026-02-13 19:34:45,371 [INFO] PluginManager:220 - loadIPPluginJar : add gtzc
2026-02-13 19:34:45,426 [INFO] IPUIPlugin:80 - create IPUIPlugin
2026-02-13 19:34:45,426 [INFO] PluginManager:220 - loadIPPluginJar : add hash
2026-02-13 19:34:45,517 [INFO] IPUIPlugin:80 - create IPUIPlugin
2026-02-13 19:34:45,518 [INFO] PluginManager:220 - loadIPPluginJar : add i2c
2026-02-13 19:34:45,581 [INFO] IPUIPlugin:80 - create IPUIPlugin
2026-02-13 19:34:45,582 [INFO] PluginManager:220 - loadIPPluginJar : add i2s
2026-02-13 19:34:45,657 [INFO] IPUIPlugin:80 - create IPUIPlugin
2026-02-13 19:34:45,657 [INFO] PluginManager:220 - loadIPPluginJar : add i3c
2026-02-13 19:34:45,815 [INFO] IPUIPlugin:80 - create IPUIPlugin
2026-02-13 19:34:45,815 [INFO] PluginManager:220 - loadIPPluginJar : add ipddr
2026-02-13 19:34:45,967 [INFO] IPUIPlugin:80 - create IPUIPlugin
2026-02-13 19:34:45,968 [INFO] PluginManager:220 - loadIPPluginJar : add linkedlist
2026-02-13 19:34:46,030 [INFO] IPUIPlugin:80 - create IPUIPlugin
2026-02-13 19:34:46,030 [INFO] PluginManager:220 - loadIPPluginJar : add lorawan
2026-02-13 19:34:46,095 [INFO] IPUIPlugin:80 - create IPUIPlugin
2026-02-13 19:34:46,096 [INFO] PluginManager:220 - loadIPPluginJar : add ltdc
2026-02-13 19:34:46,120 [INFO] IPUIPlugin:80 - create IPUIPlugin
2026-02-13 19:34:46,120 [INFO] PluginManager:220 - loadIPPluginJar : add mdma
2026-02-13 19:34:46,135 [INFO] ThirdPartyUpdaterWithRetryManager:70 - Updater plugin not ready yet. [2/15]
2026-02-13 19:34:46,154 [INFO] IPUIPlugin:80 - create IPUIPlugin
2026-02-13 19:34:46,154 [INFO] PluginManager:220 - loadIPPluginJar : add nvic
2026-02-13 19:34:46,221 [INFO] IPUIPlugin:80 - create IPUIPlugin
2026-02-13 19:34:46,221 [INFO] PluginManager:220 - loadIPPluginJar : add opamp
2026-02-13 19:34:46,322 [INFO] IPUIPlugin:80 - create IPUIPlugin
2026-02-13 19:34:46,322 [INFO] PluginManager:220 - loadIPPluginJar : add openamp
2026-02-13 19:34:46,397 [INFO] IPUIPlugin:80 - create IPUIPlugin
2026-02-13 19:34:46,397 [INFO] PluginManager:220 - loadIPPluginJar : add pdm2pcm
2026-02-13 19:34:46,424 [INFO] IPUIPlugin:80 - create IPUIPlugin
2026-02-13 19:34:46,427 [INFO] PluginManager:220 - loadIPPluginJar : add plateformsettings
2026-02-13 19:34:46,471 [INFO] IPUIPlugin:80 - create IPUIPlugin
2026-02-13 19:34:46,472 [INFO] PluginManager:220 - loadIPPluginJar : add quadspi
2026-02-13 19:34:46,493 [INFO] IPUIPlugin:80 - create IPUIPlugin
2026-02-13 19:34:46,493 [INFO] PluginManager:220 - loadIPPluginJar : add resmgrutility
2026-02-13 19:34:46,572 [INFO] IPUIPlugin:80 - create IPUIPlugin
2026-02-13 19:34:46,572 [INFO] PluginManager:220 - loadIPPluginJar : add sai
2026-02-13 19:34:46,637 [INFO] IPUIPlugin:80 - create IPUIPlugin
2026-02-13 19:34:46,638 [INFO] PluginManager:220 - loadIPPluginJar : add spi
2026-02-13 19:34:46,727 [INFO] IPUIPlugin:80 - create IPUIPlugin
2026-02-13 19:34:46,728 [INFO] PluginManager:220 - loadIPPluginJar : add stm32_wpan
2026-02-13 19:34:46,772 [INFO] IPUIPlugin:80 - create IPUIPlugin
2026-02-13 19:34:46,772 [INFO] PluginManager:220 - loadIPPluginJar : add tim
2026-02-13 19:34:46,867 [INFO] IPUIPlugin:80 - create IPUIPlugin
2026-02-13 19:34:46,868 [INFO] PluginManager:220 - loadIPPluginJar : add touchsensing
2026-02-13 19:34:46,903 [INFO] IPUIPlugin:80 - create IPUIPlugin
2026-02-13 19:34:46,904 [INFO] PluginManager:220 - loadIPPluginJar : add tracer_emb
2026-02-13 19:34:46,947 [INFO] IPUIPlugin:80 - create IPUIPlugin
2026-02-13 19:34:46,947 [INFO] PluginManager:220 - loadIPPluginJar : add ts
2026-02-13 19:34:46,989 [INFO] IPUIPlugin:80 - create IPUIPlugin
2026-02-13 19:34:46,989 [INFO] PluginManager:220 - loadIPPluginJar : add tsc
2026-02-13 19:34:47,030 [INFO] IPUIPlugin:80 - create IPUIPlugin
2026-02-13 19:34:47,030 [INFO] PluginManager:220 - loadIPPluginJar : add ucpd
2026-02-13 19:34:47,106 [INFO] IPUIPlugin:80 - create IPUIPlugin
2026-02-13 19:34:47,106 [INFO] PluginManager:220 - loadIPPluginJar : add usart
2026-02-13 19:34:47,176 [INFO] IPUIPlugin:80 - create IPUIPlugin
2026-02-13 19:34:47,177 [INFO] PluginManager:220 - loadIPPluginJar : add usbx
2026-02-13 19:34:47,313 [INFO] CADModel:165 - CPN selected for project level
2026-02-13 19:34:47,313 [INFO] CADModel:114 - Register for checkConnection events
2026-02-13 19:34:47,313 [FATAL] Updater:308 - Updater called before beeing initialized
2026-02-13 19:34:47,313 [ERROR] CADModel:125 - Updater not yet initialized, retry later 
2026-02-13 19:34:47,511 [INFO] CADModel:165 - CPN selected for project level
2026-02-13 19:34:47,511 [INFO] CADModel:114 - Register for checkConnection events
2026-02-13 19:34:47,511 [FATAL] Updater:308 - Updater called before beeing initialized
2026-02-13 19:34:47,511 [ERROR] CADModel:125 - Updater not yet initialized, retry later 
2026-02-13 19:34:47,516 [FATAL] Updater:308 - Updater called before beeing initialized
2026-02-13 19:34:47,657 [FATAL] Updater:308 - Updater called before beeing initialized
2026-02-13 19:34:47,678 [INFO] DbMcusAds:53 - JSON generation date=Thu Jan 08 16:57:51 CET 2026 (1767887871456)
2026-02-13 19:34:47,678 [FATAL] Updater:308 - Updater called before beeing initialized
2026-02-13 19:34:47,836 [WARN] DetailPanel:346 - Failed to get advertising image, set to default
2026-02-13 19:34:47,947 [FATAL] Updater:308 - Updater called before beeing initialized
2026-02-13 19:34:47,950 [FATAL] Updater:308 - Updater called before beeing initialized
2026-02-13 19:34:47,950 [FATAL] Updater:308 - Updater called before beeing initialized
2026-02-13 19:34:47,950 [WARN] DetailPanel:346 - Failed to get advertising image, set to default
2026-02-13 19:34:47,951 [FATAL] Updater:308 - Updater called before beeing initialized
2026-02-13 19:34:48,026 [ERROR] Updater:1120 - MainUpdater not yet initialized. External WinMGr cannot be set.
2026-02-13 19:34:48,041 [INFO] Updater:1056 - Updater Version found : 6.9.2
2026-02-13 19:34:48,066 [INFO] ApplicationProperties:184 - Using Application install path: D:\STM32CubeIDE_1.13.2\STM32CubeIDE\plugins\com.st.stm32cube.common.mx_6.9.2.202309101412
2026-02-13 19:34:48,341 [INFO] MainUpdater:2868 - connection check result : 10
2026-02-13 19:34:48,342 [INFO] MainUpdater:285 - Updater Check For Update Now.
2026-02-13 19:34:48,344 [INFO] MicroXplorer:498 - Change Database Version : DB.6.0.92
2026-02-13 19:34:48,376 [INFO] McuFinderGlobals:63 - Set McuFinder mode to 2 (CubeIDE integrated)
2026-02-13 19:34:48,657 [INFO] CheckServerUpdateThread:120 - End of CheckServer Thread
2026-02-13 19:34:49,553 [WARN] PackLoader:240 - Cannot read IP mode file for STMicroelectronics.FP-SNS-MOTENVWB1.1.4.0
2026-02-13 19:34:49,584 [WARN] PackLoader:240 - Cannot read IP mode file for STMicroelectronics.FP-ATR-ASTRA1.2.0.2
2026-02-13 19:34:49,611 [WARN] PackLoader:240 - Cannot read IP mode file for STMicroelectronics.FP-ATR-ASTRA1.2.0.1
2026-02-13 19:34:49,636 [WARN] PackLoader:240 - Cannot read IP mode file for STMicroelectronics.X-CUBE-SMBUS.2.1.0
2026-02-13 19:34:49,660 [WARN] PackLoader:240 - Cannot read IP mode file for STMicroelectronics.X-CUBE-WB05N.1.1.0
2026-02-13 19:34:49,687 [ERROR] Engine:466 - C:\Users\admin\.stm32cubemx\thirdparties\pdsc\STMicroelectronics.X-CUBE-ST60.1.0.0.pdsc: PDSC version is not supported
2026-02-13 19:34:49,711 [WARN] PackLoader:240 - Cannot read IP mode file for STMicroelectronics.X-CUBE-TOUCHGFX.4.23.1
2026-02-13 19:34:49,732 [WARN] PackLoader:240 - Cannot read IP mode file for STMicroelectronics.X-CUBE-TOUCHGFX.4.23.0
2026-02-13 19:34:49,756 [WARN] PackLoader:240 - Cannot read IP mode file for STMicroelectronics.X-CUBE-TOUCHGFX.4.23.2
2026-02-13 19:34:49,818 [WARN] PackLoader:240 - Cannot read IP mode file for STMicroelectronics.X-CUBE-AZRTOS-F7.1.1.0
2026-02-13 19:34:49,850 [WARN] PackLoader:240 - Cannot read IP mode file for STMicroelectronics.FP-SNS-MOTENV1.4.3.2
2026-02-13 19:34:49,874 [ERROR] Engine:466 - C:\Users\admin\.stm32cubemx\thirdparties\pdsc\STMicroelectronics.FP-SNS-MOTENV1.5.1.0.pdsc: PDSC version is not supported
2026-02-13 19:34:49,894 [WARN] PackLoader:240 - Cannot read IP mode file for STMicroelectronics.FP-SNS-FLIGHT1.5.0.2
2026-02-13 19:34:49,973 [WARN] PackLoader:240 - Cannot read IP mode file for STMicroelectronics.X-CUBE-AZRTOS-H7.3.4.0
2026-02-13 19:34:50,010 [WARN] PackLoader:240 - Cannot read IP mode file for STMicroelectronics.X-CUBE-DISPLAY.3.0.0
2026-02-13 19:34:50,039 [WARN] PackLoader:240 - Cannot read IP mode file for STMicroelectronics.X-CUBE-BLE1.7.0.0
2026-02-13 19:34:50,061 [WARN] PackLoader:240 - Cannot read IP mode file for STMicroelectronics.X-CUBE-NFC10.1.0.0
2026-02-13 19:34:50,085 [ERROR] Engine:466 - C:\Users\admin\.stm32cubemx\thirdparties\pdsc\STMicroelectronics.X-CUBE-BLEMGR.4.0.0.pdsc: PDSC version is not supported
2026-02-13 19:34:50,102 [ERROR] Engine:466 - C:\Users\admin\.stm32cubemx\thirdparties\pdsc\STMicroelectronics.X-CUBE-ST60.1.1.0.pdsc: PDSC version is not supported
2026-02-13 19:34:50,122 [WARN] PackLoader:240 - Cannot read IP mode file for emotas.I-CUBE-CANOPEN.1.3.0
2026-02-13 19:34:50,142 [WARN] PackLoader:240 - Cannot read IP mode file for STMicroelectronics.X-CUBE-GNSS1.7.1.0
2026-02-13 19:34:50,165 [WARN] PackLoader:240 - Cannot read IP mode file for STMicroelectronics.X-CUBE-TOUCHGFX.4.22.1
2026-02-13 19:34:50,194 [WARN] PackLoader:240 - Cannot read IP mode file for STMicroelectronics.X-CUBE-BLEMGR.3.1.0
2026-02-13 19:34:50,220 [WARN] PackLoader:240 - Cannot read IP mode file for STMicroelectronics.X-CUBE-AI.10.0.0
2026-02-13 19:34:50,240 [ERROR] Engine:466 - C:\Users\admin\.stm32cubemx\thirdparties\pdsc\STMicroelectronics.FP-SNS-STBOX1.2.1.0.pdsc: PDSC version is not supported
2026-02-13 19:34:50,259 [WARN] PackLoader:240 - Cannot read IP mode file for STMicroelectronics.FP-SNS-SMARTAG2.1.2.0
2026-02-13 19:34:50,276 [ERROR] Engine:466 - C:\Users\admin\.stm32cubemx\thirdparties\pdsc\STMicroelectronics.FP-SNS-FLIGHT1.5.1.0.pdsc: PDSC version is not supported
2026-02-13 19:34:50,360 [WARN] PackLoader:240 - Cannot read IP mode file for STMicroelectronics.X-CUBE-MEMS1.11.1.0
2026-02-13 19:34:50,601 [INFO] LogOutputStream:77 - [STDOUT_REDIRECT] 1 : Invalid condition id : UX_CORESTACK_Condition cause : null
2026-02-13 19:34:50,601 [INFO] LogOutputStream:77 - [STDOUT_REDIRECT] 1 : Invalid condition id : UX_CORESTACK_Condition cause : null
2026-02-13 19:34:50,603 [INFO] LogOutputStream:77 - [STDOUT_REDIRECT] 1 : Invalid condition id : UX_CORESTACK_Condition cause : null
2026-02-13 19:34:50,605 [INFO] LogOutputStream:77 - [STDOUT_REDIRECT] 1 : Invalid condition id : UX_CORESTACK_Condition cause : null
2026-02-13 19:34:50,607 [INFO] LogOutputStream:77 - [STDOUT_REDIRECT] 1 : Invalid condition id : UX_CORESTACK_Condition cause : null
2026-02-13 19:34:50,612 [WARN] PackLoader:240 - Cannot read IP mode file for STMicroelectronics.X-CUBE-AZRTOS-WL.2.0.0
2026-02-13 19:34:50,650 [WARN] PackLoader:240 - Cannot read IP mode file for STMicroelectronics.FP-SNS-MOTENV1.5.0.0
2026-02-13 19:34:50,719 [WARN] PackLoader:240 - Cannot read IP mode file for STMicroelectronics.X-CUBE-AZRTOS-H7RS.1.2.0
2026-02-13 19:34:50,748 [WARN] PackLoader:240 - Cannot read IP mode file for wolfSSL.I-CUBE-wolfMQTT.1.19.0
2026-02-13 19:34:50,774 [WARN] PackLoader:240 - Cannot read IP mode file for WES.I-CUBE-Cesium.1.3.0
2026-02-13 19:34:50,797 [WARN] PackLoader:240 - Cannot read IP mode file for STMicroelectronics.X-CUBE-BLE2.3.3.0
2026-02-13 19:34:50,821 [ERROR] Engine:466 - C:\Users\admin\.stm32cubemx\thirdparties\pdsc\Avnet-IOTCONNECT.X-CUBE-iotc-st67-sdk.1.0.0.pdsc: PDSC version is not supported
2026-02-13 19:34:50,845 [WARN] PackLoader:240 - Cannot read IP mode file for STMicroelectronics.X-CUBE-NFC9.1.0.0
2026-02-13 19:34:50,869 [WARN] PackLoader:240 - Cannot read IP mode file for STMicroelectronics.X-CUBE-BLE1.7.1.0
2026-02-13 19:34:50,895 [WARN] PackLoader:240 - Cannot read IP mode file for STMicroelectronics.X-CUBE-TCPP.4.1.0
2026-02-13 19:34:50,920 [ERROR] Engine:466 - C:\Users\admin\.stm32cubemx\thirdparties\pdsc\STMicroelectronics.X-CUBE-FREERTOS.1.4.0.pdsc: PDSC version is not supported
2026-02-13 19:34:50,944 [WARN] PackLoader:240 - Cannot read IP mode file for STMicroelectronics.X-CUBE-EEPRMA1.5.2.0
2026-02-13 19:34:50,965 [ERROR] Engine:466 - C:\Users\admin\.stm32cubemx\thirdparties\pdsc\STMicroelectronics.X-CUBE-ST67W61.1.1.0.pdsc: PDSC version is not supported
2026-02-13 19:34:50,986 [WARN] PackLoader:240 - Cannot read IP mode file for STMicroelectronics.X-CUBE-AI.10.1.0
2026-02-13 19:34:51,083 [WARN] PackLoader:240 - Cannot read IP mode file for STMicroelectronics.X-CUBE-MEMS1.12.0.0
2026-02-13 19:34:51,199 [WARN] PackLoader:240 - Cannot read IP mode file for STMicroelectronics.X-CUBE-ALGOBUILD.1.3.0
2026-02-13 19:34:51,293 [WARN] PackLoader:240 - Cannot read IP mode file for STMicroelectronics.X-CUBE-MEMS1.11.2.0
2026-02-13 19:34:51,524 [WARN] PackLoader:240 - Cannot read IP mode file for STMicroelectronics.X-CUBE-AZRTOS-G0.1.1.0
2026-02-13 19:34:51,562 [WARN] PackLoader:240 - Cannot read IP mode file for STMicroelectronics.X-CUBE-SAFEA1.1.2.2
2026-02-13 19:34:51,588 [WARN] PackLoader:240 - Cannot read IP mode file for STMicroelectronics.X-CUBE-NFC4.3.0.0
2026-02-13 19:34:51,615 [ERROR] Engine:466 - C:\Users\admin\.stm32cubemx\thirdparties\pdsc\EmbeddedOffice.I-CUBE-FS-RTOS.1.0.1.pdsc: PDSC version is not supported
2026-02-13 19:34:51,643 [WARN] PackLoader:240 - Cannot read IP mode file for STMicroelectronics.X-CUBE-WB05N.2.0.0
2026-02-13 19:34:51,675 [WARN] PackLoader:240 - Cannot read IP mode file for STMicroelectronics.X-CUBE-BLEMGR.3.0.0
2026-02-13 19:34:51,698 [ERROR] Engine:466 - C:\Users\admin\.stm32cubemx\thirdparties\pdsc\STMicroelectronics.X-CUBE-TCPP.4.2.0.pdsc: PDSC version is not supported
2026-02-13 19:34:51,718 [ERROR] Engine:466 - C:\Users\admin\.stm32cubemx\thirdparties\pdsc\RealThread.X-CUBE-RT-Thread_Nano.4.1.1.pdsc: PDSC version is not supported
2026-02-13 19:34:51,739 [WARN] PackLoader:240 - Cannot read IP mode file for STMicroelectronics.FP-ATR-SIGFOX1.3.2.0
2026-02-13 19:34:51,757 [ERROR] Engine:466 - C:\Users\admin\.stm32cubemx\thirdparties\pdsc\quantropi.X-CUBE-qispace-sdk-base.1.9.3.pdsc: PDSC version is not supported
2026-02-13 19:34:51,781 [WARN] PackLoader:240 - Cannot read IP mode file for STMicroelectronics.X-CUBE-EEPRMA1.5.1.0
2026-02-13 19:34:51,815 [WARN] PackLoader:240 - Cannot read IP mode file for STMicroelectronics.X-CUBE-NFC6.3.2.0
2026-02-13 19:34:51,838 [ERROR] Engine:466 - C:\Users\admin\.stm32cubemx\thirdparties\pdsc\STMicroelectronics.X-CUBE-ST67W61.1.0.0.pdsc: PDSC version is not supported
2026-02-13 19:34:51,860 [WARN] PackLoader:240 - Cannot read IP mode file for STMicroelectronics.X-CUBE-AI.10.2.0
2026-02-13 19:34:51,927 [WARN] PackLoader:240 - Cannot read IP mode file for SEGGER.I-CUBE-embOS.1.3.1
2026-02-13 19:34:52,006 [WARN] PackLoader:240 - Cannot read IP mode file for STMicroelectronics.X-CUBE-ALGOBUILD.1.4.0
2026-02-13 19:34:52,081 [WARN] PackLoader:240 - Cannot read IP mode file for STMicroelectronics.X-CUBE-MEMS1.11.3.0
2026-02-13 19:34:52,241 [WARN] PackLoader:240 - Cannot read IP mode file for STMicroelectronics.X-CUBE-AI.9.1.0
2026-02-13 19:34:52,262 [WARN] PackLoader:240 - Cannot read IP mode file for STMicroelectronics.X-CUBE-PM33A1.1.0.0
2026-02-13 19:34:52,284 [WARN] PackLoader:240 - Cannot read IP mode file for STMicroelectronics.X-CUBE-GNSS1.6.0.0
2026-02-13 19:34:52,324 [WARN] PackLoader:240 - Cannot read IP mode file for STMicroelectronics.X-CUBE-AZRTOS-F4.1.1.0
2026-02-13 19:34:52,350 [WARN] PackLoader:240 - Cannot read IP mode file for wolfSSL.I-CUBE-wolfSSL.5.6.3
2026-02-13 19:34:52,368 [ERROR] Engine:466 - C:\Users\admin\.stm32cubemx\thirdparties\pdsc\Avnet-IotConnect.X-CUBE-IoTC-DA16k-PMOD.1.0.0.pdsc: PDSC version is not supported
2026-02-13 19:34:52,389 [WARN] PackLoader:240 - Cannot read IP mode file for STMicroelectronics.X-CUBE-ISPU.2.1.0
2026-02-13 19:34:52,422 [ERROR] Engine:466 - C:\Users\admin\.stm32cubemx\thirdparties\pdsc\STMicroelectronics.X-CUBE-IPS.3.2.0.pdsc: PDSC version is not supported
2026-02-13 19:34:52,444 [WARN] PackLoader:240 - Cannot read IP mode file for STMicroelectronics.X-CUBE-FREERTOS.1.2.0
2026-02-13 19:34:52,473 [WARN] PackLoader:240 - Cannot read IP mode file for STMicroelectronics.X-CUBE-NFC12.1.0.0
2026-02-13 19:34:52,531 [WARN] PackLoader:240 - Cannot read IP mode file for STMicroelectronics.X-CUBE-AZRTOS-L5.2.0.0
2026-02-13 19:34:52,566 [WARN] PackLoader:240 - Cannot read IP mode file for STMicroelectronics.X-CUBE-EEPRMA1.4.2.0
2026-02-13 19:34:52,601 [WARN] PackLoader:240 - Cannot read IP mode file for STMicroelectronics.X-CUBE-NFC6.3.1.0
2026-02-13 19:34:52,630 [WARN] PackLoader:240 - Cannot read IP mode file for ITTIA_DB.I-CUBE-ITTIADB.8.8.0
2026-02-13 19:34:52,653 [WARN] PackLoader:240 - Cannot read IP mode file for STMicroelectronics.X-CUBE-BLEMGR.2.0.0
2026-02-13 19:34:52,677 [ERROR] Engine:466 - C:\Users\admin\.stm32cubemx\thirdparties\pdsc\STMicroelectronics.X-CUBE-DPower.1.2.0.pdsc: PDSC version is not supported
2026-02-13 19:34:52,697 [WARN] PackLoader:240 - Cannot read IP mode file for STMicroelectronics.X-CUBE-AI.9.0.0
2026-02-13 19:34:52,738 [WARN] ConditionMgr:438 - getConditionDescription Invalid condition id : UX DEVICE CLASS RTOS Condition cause : null
2026-02-13 19:34:52,738 [WARN] ConditionMgr:438 - getConditionDescription Invalid condition id : UX DEVICE CLASS RTOS Condition cause : null
2026-02-13 19:34:52,742 [WARN] PackLoader:240 - Cannot read IP mode file for STMicroelectronics.X-CUBE-AZRTOS-H7.3.1.0
2026-02-13 19:34:52,744 [WARN] ConditionMgr:1039 - genDependencies : Invalid condition id : UX DEVICE CLASS RTOS Condition cause : null
2026-02-13 19:34:52,744 [WARN] ConditionMgr:1039 - genDependencies : Invalid condition id : UX DEVICE CLASS RTOS Condition cause : null
2026-02-13 19:34:52,744 [WARN] ConditionMgr:1039 - genDependencies : Invalid condition id : UX DEVICE CLASS RTOS Condition cause : null
2026-02-13 19:34:52,745 [WARN] ConditionMgr:1039 - genDependencies : Invalid condition id : UX DEVICE CLASS RTOS Condition cause : null
2026-02-13 19:34:52,745 [WARN] ConditionMgr:1039 - genDependencies : Invalid condition id : UX DEVICE CLASS RTOS Condition cause : null
2026-02-13 19:34:52,767 [WARN] PackLoader:240 - Cannot read IP mode file for STMicroelectronics.X-CUBE-FREERTOS.1.3.1
2026-02-13 19:34:52,793 [WARN] PackLoader:240 - Cannot read IP mode file for STMicroelectronics.X-CUBE-FREERTOS.1.3.0
2026-02-13 19:34:52,816 [WARN] PackLoader:240 - Cannot read IP mode file for STMicroelectronics.X-CUBE-NFC7.1.0.1
2026-02-13 19:34:52,838 [WARN] PackLoader:240 - Cannot read IP mode file for wolfSSL.I-CUBE-wolfTPM.3.2.0
2026-02-13 19:34:52,861 [WARN] PackLoader:240 - Cannot read IP mode file for STMicroelectronics.X-CUBE-TOUCHGFX.4.26.0
2026-02-13 19:34:52,887 [WARN] PackLoader:240 - Cannot read IP mode file for STMicroelectronics.X-CUBE-NFC6.3.0.0
2026-02-13 19:34:52,908 [ERROR] Engine:466 - C:\Users\admin\.stm32cubemx\thirdparties\pdsc\STMicroelectronics.FP-SNS-STAIOTCFT.1.0.0.pdsc: PDSC version is not supported
2026-02-13 19:34:52,927 [ERROR] Engine:466 - C:\Users\admin\.stm32cubemx\thirdparties\pdsc\STMicroelectronics.X-CUBE-DPower.1.3.0.pdsc: PDSC version is not supported
2026-02-13 19:34:52,947 [WARN] PackLoader:240 - Cannot read IP mode file for STMicroelectronics.X-CUBE-AI.8.1.0
2026-02-13 19:34:52,988 [WARN] ConditionMgr:438 - getConditionDescription Invalid condition id : LAN8742 Phy interface Condition cause : null
2026-02-13 19:34:52,989 [WARN] PackLoader:240 - Cannot read IP mode file for STMicroelectronics.X-CUBE-AZRTOS-L4.2.0.0
2026-02-13 19:34:52,990 [WARN] ConditionMgr:1039 - genDependencies : Invalid condition id : LAN8742 Phy interface Condition cause : null
2026-02-13 19:34:52,990 [WARN] ConditionMgr:1039 - genDependencies : Invalid condition id : LAN8742 Phy interface Condition cause : null
2026-02-13 19:34:52,990 [WARN] ConditionMgr:1039 - genDependencies : Invalid condition id : LAN8742 Phy interface Condition cause : null
2026-02-13 19:34:53,017 [WARN] PackLoader:240 - Cannot read IP mode file for STMicroelectronics.X-CUBE-SFXS2LP1.4.0.0
2026-02-13 19:34:53,041 [ERROR] Engine:466 - C:\Users\admin\.stm32cubemx\thirdparties\pdsc\STMicroelectronics.X-CUBE-ST67W61.1.2.0.pdsc: PDSC version is not supported
2026-02-13 19:34:53,063 [WARN] PackLoader:240 - Cannot read IP mode file for STMicroelectronics.X-CUBE-ISPU.1.1.0
2026-02-13 19:34:53,108 [WARN] PackLoader:240 - Cannot read IP mode file for STMicroelectronics.X-CUBE-AZRTOS-H7.3.3.0
2026-02-13 19:34:53,132 [ERROR] Engine:466 - C:\Users\admin\.stm32cubemx\thirdparties\pdsc\STMicroelectronics.X-CUBE-BLEMGR.4.1.0.pdsc: PDSC version is not supported
2026-02-13 19:34:53,159 [ERROR] Engine:466 - C:\Users\admin\.stm32cubemx\thirdparties\pdsc\STMicroelectronics.X-CUBE-IPS.3.0.0.pdsc: PDSC version is not supported
2026-02-13 19:34:53,198 [WARN] ConditionMgr:438 - getConditionDescription Invalid condition id : UX DEVICE CLASS RTOS Condition cause : null
2026-02-13 19:34:53,198 [WARN] ConditionMgr:438 - getConditionDescription Invalid condition id : UX DEVICE CLASS RTOS Condition cause : null
2026-02-13 19:34:53,200 [WARN] PackLoader:240 - Cannot read IP mode file for STMicroelectronics.X-CUBE-AZRTOS-WB.2.0.0
2026-02-13 19:34:53,200 [WARN] ConditionMgr:1039 - genDependencies : Invalid condition id : UX DEVICE CLASS RTOS Condition cause : null
2026-02-13 19:34:53,200 [WARN] ConditionMgr:1039 - genDependencies : Invalid condition id : UX DEVICE CLASS RTOS Condition cause : null
2026-02-13 19:34:53,201 [WARN] ConditionMgr:1039 - genDependencies : Invalid condition id : UX DEVICE CLASS RTOS Condition cause : null
2026-02-13 19:34:53,201 [WARN] ConditionMgr:1039 - genDependencies : Invalid condition id : UX DEVICE CLASS RTOS Condition cause : null
2026-02-13 19:34:53,201 [WARN] ConditionMgr:1039 - genDependencies : Invalid condition id : UX DEVICE CLASS RTOS Condition cause : null
2026-02-13 19:34:53,226 [WARN] PackLoader:240 - Cannot read IP mode file for STMicroelectronics.X-CUBE-GNSS1.7.0.1
2026-02-13 19:34:53,249 [WARN] PackLoader:240 - Cannot read IP mode file for STMicroelectronics.X-CUBE-TOUCHGFX.4.25.0
2026-02-13 19:34:53,266 [ERROR] Engine:466 - C:\Users\admin\.stm32cubemx\thirdparties\pdsc\STMicroelectronics.FP-SNS-STBOX1.2.0.0.pdsc: PDSC version is not supported
2026-02-13 19:34:53,286 [WARN] PackLoader:240 - Cannot read IP mode file for STMicroelectronics.X-CUBE-STSE01.2.0.0
2026-02-13 19:34:53,310 [WARN] PackLoader:240 - Cannot read IP mode file for STMicroelectronics.X-CUBE-SUBG2.5.0.0
2026-02-13 19:34:53,361 [WARN] PackLoader:240 - Cannot read IP mode file for STMicroelectronics.X-CUBE-AZRTOS-H7RS.1.1.0
2026-02-13 19:34:53,384 [WARN] PackLoader:240 - Cannot read IP mode file for Cesanta.I-CUBE-Mongoose.7.13.0
2026-02-13 19:34:53,409 [WARN] PackLoader:240 - Cannot read IP mode file for STMicroelectronics.X-CUBE-TOF1.3.3.1
2026-02-13 19:34:53,455 [WARN] PackLoader:240 - Cannot read IP mode file for STMicroelectronics.X-CUBE-AZRTOS-G4.2.0.0
2026-02-13 19:34:53,489 [WARN] PackLoader:240 - Cannot read IP mode file for Infineon.AIROC-Wi-Fi-Bluetooth-STM32.1.5.1
2026-02-13 19:34:53,511 [WARN] PackLoader:240 - Cannot read IP mode file for STMicroelectronics.X-CUBE-NFC7.2.0.0
2026-02-13 19:34:53,533 [WARN] PackLoader:240 - Cannot read IP mode file for STMicroelectronics.FP-SNS-MOTENVWB1.1.3.1
2026-02-13 19:34:53,555 [WARN] PackLoader:240 - Cannot read IP mode file for STMicroelectronics.X-CUBE-ISPU.2.0.0
2026-02-13 19:34:53,578 [ERROR] Engine:466 - C:\Users\admin\.stm32cubemx\thirdparties\pdsc\STMicroelectronics.X-CUBE-IPS.3.1.0.pdsc: PDSC version is not supported
2026-02-13 19:34:53,605 [WARN] PackLoader:240 - Cannot read IP mode file for STMicroelectronics.X-CUBE-ALS.1.0.2
2026-02-13 19:34:53,667 [WARN] PackLoader:240 - Cannot read IP mode file for STMicroelectronics.X-CUBE-MEMS1.10.0.0
2026-02-13 19:34:54,122 [WARN] PackLoader:240 - Cannot read IP mode file for STMicroelectronics.X-CUBE-FREERTOS.1.1.0
2026-02-13 19:34:54,144 [WARN] PackLoader:240 - Cannot read IP mode file for STMicroelectronics.X-CUBE-TOUCHGFX.4.24.0
2026-02-13 19:34:54,166 [WARN] PackLoader:240 - Cannot read IP mode file for STMicroelectronics.X-CUBE-TOUCHGFX.4.24.2
2026-02-13 19:34:54,189 [WARN] PackLoader:240 - Cannot read IP mode file for STMicroelectronics.X-CUBE-TOUCHGFX.4.24.1
2026-02-13 19:34:54,218 [WARN] PackLoader:240 - Cannot read IP mode file for STMicroelectronics.X-CUBE-STSE01.1.0.0
2026-02-13 19:34:54,248 [WARN] PackLoader:240 - Cannot read IP mode file for portGmbH.I-Cube-SoM-uGOAL.1.1.0
2026-02-13 19:34:54,268 [WARN] PackLoader:240 - Cannot read IP mode file for STMicroelectronics.X-CUBE-ALS.1.0.1
2026-02-13 19:34:54,312 [WARN] PackLoader:240 - Cannot read IP mode file for STMicroelectronics.X-CUBE-AZRTOS-H7RS.1.0.0
2026-02-13 19:34:54,342 [WARN] PackLoader:240 - Cannot read IP mode file for STMicroelectronics.FP-ATR-ASTRA1.2.0.0
2026-02-13 19:34:54,377 [ERROR] Engine:466 - C:\Users\admin\.stm32cubemx\thirdparties\pdsc\STMicroelectronics.X-CUBE-TOF1.3.4.2.pdsc: PDSC version is not supported
2026-02-13 19:34:54,409 [ERROR] Engine:466 - C:\Users\admin\.stm32cubemx\thirdparties\pdsc\STMicroelectronics.X-CUBE-TOF1.3.4.3.pdsc: PDSC version is not supported
2026-02-13 19:34:54,438 [WARN] PackLoader:240 - Cannot read IP mode file for STMicroelectronics.X-CUBE-TOF1.3.4.0
2026-02-13 19:34:54,482 [WARN] PackLoader:240 - Cannot read IP mode file for STMicroelectronics.X-CUBE-TOF1.3.4.1
2026-02-13 19:34:54,531 [WARN] PackLoader:240 - Cannot read IP mode file for STMicroelectronics.X-CUBE-AZRTOS-H7.3.2.0
2026-02-13 19:34:54,560 [WARN] PackLoader:240 - Cannot read IP mode file for wolfSSL.I-CUBE-wolfSSH.1.4.17
2026-02-13 19:34:54,560 [INFO] ThirdParty:978 - Integrity check success = true
2026-02-13 19:34:54,560 [INFO] IntegrityCheckThread:100 - exiting critical section [integrity check]
2026-02-13 19:34:54,561 [INFO] IntegrityCheckThread:103 - End integrity checks thread
2026-02-13 19:35:09,935 [ERROR] LogOutputStream:75 - [STDERR_REDIRECT] SLF4J: Failed to load class "org.slf4j.impl.StaticLoggerBinder".
2026-02-13 19:35:09,936 [ERROR] LogOutputStream:75 - [STDERR_REDIRECT] SLF4J: Defaulting to no-operation (NOP) logger implementation
2026-02-13 19:35:09,938 [ERROR] LogOutputStream:75 - [STDERR_REDIRECT] SLF4J: See http://www.slf4j.org/codes.html#StaticLoggerBinder for further details.
