2026-02-17 23:10:29,213 [INFO] Activator:176 - 


2026-02-17 23:10:29,222 [INFO] Activator:177 - !SESSION log4j initialized
2026-02-17 23:10:39,486 [INFO] LogOutputStream:77 - [STDOUT_REDIRECT] 
2026-02-17 23:10:46,261 [INFO] ApplicationProperties:184 - Using Application install path: D:\STM32CubeIDE_1.13.2\STM32CubeIDE\plugins\com.st.stm32cube.common.mx_6.9.2.202309101412
2026-02-17 23:10:46,291 [INFO] DbMcusXml:78 - Set database path to: D:\STM32CubeIDE_1.13.2\STM32CubeIDE\plugins\com.st.stm32cube.common.mx_6.9.2.202309101412\\db\/mcu/
2026-02-17 23:10:46,292 [INFO] ApiDb:274 - Set plugin database path to: D:\STM32CubeIDE_1.13.2\STM32CubeIDE\plugins\com.st.stm32cube.common.mx_6.9.2.202309101412\\db\/plugins/boardmanager/
2026-02-17 23:10:46,294 [WARN] ApiDb:259 - Overriding images path with different value:  => D:\STM32CubeIDE_1.13.2\STM32CubeIDE\plugins\com.st.stm32cube.common.mx_6.9.2.202309101412\\db\/plugins/mcufinder/images/
2026-02-17 23:10:46,319 [INFO] ApiDb:250 - Set database path to: C:\Users\admin\.stmcufinder\plugins\mcufinder//mcu/
2026-02-17 23:10:46,320 [INFO] DbMcusAds:125 - Set database path to: C:\Users\admin\.stmcufinder\plugins\mcufinder//mcu/
2026-02-17 23:10:46,324 [INFO] CrossReferenceDbSqlite:203 - Set database path to: C:\Users\admin\.stmcufinder\plugins\mcufinder//mcu/cs/
2026-02-17 23:10:46,498 [INFO] RulesReader:64 - Compatibility file has been processed (293 Rules)
2026-02-17 23:10:46,641 [INFO] DbMcusXml:78 - Set database path to: D:\STM32CubeIDE_1.13.2\STM32CubeIDE\plugins\com.st.stm32cube.common.mx_6.9.2.202309101412\\db\/mcu/
2026-02-17 23:10:46,641 [INFO] ApiDb:274 - Set plugin database path to: D:\STM32CubeIDE_1.13.2\STM32CubeIDE\plugins\com.st.stm32cube.common.mx_6.9.2.202309101412\\db\/plugins/boardmanager/
2026-02-17 23:10:46,641 [INFO] ApiDb:261 - Set plugin images path to: D:\STM32CubeIDE_1.13.2\STM32CubeIDE\plugins\com.st.stm32cube.common.mx_6.9.2.202309101412\\db\/plugins/mcufinder/images/
2026-02-17 23:10:46,642 [WARN] DbFile:41 - Overriding database path with different value: C:\Users\admin\.stmcufinder\plugins\mcufinder/ => C:\Users\admin\.stmcufinder\plugins\mcufinder
2026-02-17 23:10:46,642 [INFO] ApiDb:250 - Set database path to: C:\Users\admin\.stmcufinder\plugins\mcufinder//mcu/
2026-02-17 23:10:46,642 [WARN] DbFile:41 - Overriding database path with different value: C:\Users\admin\.stmcufinder\plugins\mcufinder/ => C:\Users\admin\.stmcufinder\plugins\mcufinder
2026-02-17 23:10:46,642 [INFO] DbMcusAds:125 - Set database path to: C:\Users\admin\.stmcufinder\plugins\mcufinder//mcu/
2026-02-17 23:10:46,642 [WARN] DbFile:41 - Overriding database path with different value: C:\Users\admin\.stmcufinder\plugins\mcufinder/ => C:\Users\admin\.stmcufinder\plugins\mcufinder
2026-02-17 23:10:46,643 [WARN] DbFile:41 - Overriding database path with different value: C:\Users\admin\.stmcufinder\plugins\mcufinder/ => C:\Users\admin\.stmcufinder\plugins\mcufinder
2026-02-17 23:10:46,643 [INFO] CrossReferenceDbSqlite:203 - Set database path to: C:\Users\admin\.stmcufinder\plugins\mcufinder//mcu/cs/
2026-02-17 23:10:46,778 [INFO] MainPanel:262 - HeapMemory: 268435456
2026-02-17 23:10:46,962 [INFO] DbMcusXml:78 - Set database path to: D:\STM32CubeIDE_1.13.2\STM32CubeIDE\plugins\com.st.stm32cube.common.mx_6.9.2.202309101412\\db\/mcu/
2026-02-17 23:10:46,962 [INFO] ApiDb:274 - Set plugin database path to: D:\STM32CubeIDE_1.13.2\STM32CubeIDE\plugins\com.st.stm32cube.common.mx_6.9.2.202309101412\\db\/plugins/boardmanager/
2026-02-17 23:10:46,962 [INFO] ApiDb:261 - Set plugin images path to: D:\STM32CubeIDE_1.13.2\STM32CubeIDE\plugins\com.st.stm32cube.common.mx_6.9.2.202309101412\\db\/plugins/mcufinder/images/
2026-02-17 23:10:46,963 [WARN] DbFile:41 - Overriding database path with different value: C:\Users\admin\.stmcufinder\plugins\mcufinder/ => C:\Users\admin\.stmcufinder\plugins\mcufinder
2026-02-17 23:10:46,963 [INFO] ApiDb:250 - Set database path to: C:\Users\admin\.stmcufinder\plugins\mcufinder//mcu/
2026-02-17 23:10:46,963 [WARN] DbFile:41 - Overriding database path with different value: C:\Users\admin\.stmcufinder\plugins\mcufinder/ => C:\Users\admin\.stmcufinder\plugins\mcufinder
2026-02-17 23:10:46,963 [INFO] DbMcusAds:125 - Set database path to: C:\Users\admin\.stmcufinder\plugins\mcufinder//mcu/
2026-02-17 23:10:46,963 [WARN] DbFile:41 - Overriding database path with different value: C:\Users\admin\.stmcufinder\plugins\mcufinder/ => C:\Users\admin\.stmcufinder\plugins\mcufinder
2026-02-17 23:10:46,963 [WARN] DbFile:41 - Overriding database path with different value: C:\Users\admin\.stmcufinder\plugins\mcufinder/ => C:\Users\admin\.stmcufinder\plugins\mcufinder
2026-02-17 23:10:46,963 [INFO] CrossReferenceDbSqlite:203 - Set database path to: C:\Users\admin\.stmcufinder\plugins\mcufinder//mcu/cs/
2026-02-17 23:10:46,997 [INFO] ApplicationProperties:184 - Using Application install path: D:\STM32CubeIDE_1.13.2\STM32CubeIDE\plugins\com.st.stm32cube.common.mx_6.9.2.202309101412
2026-02-17 23:10:46,999 [INFO] PluginManage:196 - Search for loadable plugins [exclusion list=, ]
2026-02-17 23:10:47,002 [INFO] PluginManage:310 - Check plugin analytics
2026-02-17 23:10:47,277 [INFO] AnalyticsPlugin:253 - Accepted Software Licenses: STM32CubeMX.6.16.0
2026-02-17 23:10:47,277 [INFO] AnalyticsPlugin:255 - Accepted CMSIS Pack Licenses: 
2026-02-17 23:10:47,277 [INFO] AnalyticsPlugin:257 - Accepted Firmware Licenses: FW.L4.1.18.0
2026-02-17 23:10:47,280 [INFO] PluginManage:359 - Loaded plugin analytics (category:tool,tabindex:-1)
2026-02-17 23:10:47,281 [INFO] PluginManage:310 - Check plugin cadmodel
2026-02-17 23:10:47,319 [INFO] CADModel:105 - Init CAD model plugin
2026-02-17 23:10:47,320 [INFO] PluginManage:359 - Loaded plugin cadmodel (category:power,tabindex:5)
2026-02-17 23:10:47,320 [INFO] PluginManage:310 - Check plugin clock
2026-02-17 23:10:47,366 [INFO] PluginManage:359 - Loaded plugin clock (category:base,tabindex:2)
2026-02-17 23:10:47,366 [INFO] PluginManage:310 - Check plugin ddr
2026-02-17 23:10:47,370 [INFO] PluginManage:359 - Loaded plugin ddr (category:tool,tabindex:6)
2026-02-17 23:10:47,371 [INFO] PluginManage:310 - Check plugin filemanager
2026-02-17 23:10:47,598 [INFO] PluginManage:359 - Loaded plugin filemanager (category:base,tabindex:10)
2026-02-17 23:10:47,599 [INFO] PluginManage:310 - Check plugin ipmanager
2026-02-17 23:10:47,611 [INFO] PluginManage:359 - Loaded plugin ipmanager (category:base,tabindex:5)
2026-02-17 23:10:47,611 [INFO] PluginManage:310 - Check plugin lpbam
2026-02-17 23:10:47,639 [INFO] PluginManage:359 - Loaded plugin lpbam (category:base,tabindex:0)
2026-02-17 23:10:47,639 [INFO] PluginManage:310 - Check plugin memorymap
2026-02-17 23:10:47,686 [INFO] PluginManage:359 - Loaded plugin memorymap (category:base,tabindex:4)
2026-02-17 23:10:47,686 [INFO] PluginManage:310 - Check plugin pinoutandconfiguration
2026-02-17 23:10:47,720 [INFO] PluginManage:359 - Loaded plugin pinoutandconfiguration (category:base,tabindex:1)
2026-02-17 23:10:47,721 [INFO] PluginManage:310 - Check plugin pinoutconfig
2026-02-17 23:10:47,877 [WARN] SupportedApi:132 - Cannot load RTOS API schema: s4s-elt-must-match.1: The content of 'definitions' must match (annotation?, (simpleType | complexType)?, (unique | key | keyref)*)). A problem was found starting at: attribute.
2026-02-17 23:10:48,113 [INFO] PluginManage:359 - Loaded plugin pinoutconfig (category:base,tabindex:0)
2026-02-17 23:10:48,113 [INFO] PluginManage:310 - Check plugin power
2026-02-17 23:10:48,166 [INFO] PluginManage:359 - Loaded plugin power (category:power,tabindex:4)
2026-02-17 23:10:48,167 [INFO] PluginManage:310 - Check plugin projectmanager
2026-02-17 23:10:48,192 [INFO] PluginManage:359 - Loaded plugin projectmanager (category:projectmanager,tabindex:3)
2026-02-17 23:10:48,192 [INFO] PluginManage:310 - Check plugin thirdparty
2026-02-17 23:10:48,691 [INFO] PluginManage:359 - Loaded plugin thirdparty (category:base,tabindex:-1)
2026-02-17 23:10:48,691 [INFO] PluginManage:310 - Check plugin tools
2026-02-17 23:10:48,691 [WARN] IntegrityCheckThread:84 - waiting for thirdparty lock release [integrity check]
2026-02-17 23:10:48,691 [INFO] IntegrityCheckThread:86 - entering critical section [integrity check]
2026-02-17 23:10:48,692 [INFO] ThirdPartyUpdaterWithRetryManager:70 - Updater plugin not ready yet. [1/15]
2026-02-17 23:10:48,759 [INFO] PluginManage:359 - Loaded plugin tools (category:base,tabindex:7)
2026-02-17 23:10:48,760 [INFO] PluginManage:310 - Check plugin tutovideos
2026-02-17 23:10:49,112 [INFO] PluginManage:359 - Loaded plugin tutovideos (category:base,tabindex:-1)
2026-02-17 23:10:49,112 [INFO] PluginManage:310 - Check plugin updater
2026-02-17 23:10:49,135 [INFO] PluginManage:359 - Loaded plugin updater (category:base,tabindex:12)
2026-02-17 23:10:49,136 [INFO] PluginManage:310 - Check plugin userauth
2026-02-17 23:10:49,144 [INFO] UserAuth:113 - Init User Auth plugin
2026-02-17 23:10:49,145 [INFO] PluginManage:359 - Loaded plugin userauth (category:base,tabindex:14)
2026-02-17 23:10:49,145 [INFO] PluginManage:283 - PluginManage : Loaded plugins [17]
2026-02-17 23:10:49,517 [INFO] PinOutPanel:1499 - setPackage(No Configuration,No Configuration)
2026-02-17 23:10:49,670 [INFO] CADModel:165 - CPN selected for project level
2026-02-17 23:10:49,672 [INFO] CADModel:114 - Register for checkConnection events
2026-02-17 23:10:49,716 [INFO] IPUIPlugin:80 - create IPUIPlugin
2026-02-17 23:10:49,717 [INFO] PluginManager:220 - loadIPPluginJar : add adc
2026-02-17 23:10:49,783 [INFO] IPUIPlugin:80 - create IPUIPlugin
2026-02-17 23:10:49,783 [INFO] PluginManager:220 - loadIPPluginJar : add aes
2026-02-17 23:10:49,853 [INFO] IPUIPlugin:80 - create IPUIPlugin
2026-02-17 23:10:49,853 [INFO] PluginManager:220 - loadIPPluginJar : add can
2026-02-17 23:10:49,893 [INFO] IPUIPlugin:80 - create IPUIPlugin
2026-02-17 23:10:49,893 [INFO] PluginManager:220 - loadIPPluginJar : add comp
2026-02-17 23:10:49,951 [INFO] IPUIPlugin:80 - create IPUIPlugin
2026-02-17 23:10:49,951 [INFO] PluginManager:220 - loadIPPluginJar : add cryp
2026-02-17 23:10:50,005 [INFO] IPUIPlugin:80 - create IPUIPlugin
2026-02-17 23:10:50,005 [INFO] PluginManager:220 - loadIPPluginJar : add dfsdm
2026-02-17 23:10:50,030 [INFO] IPUIPlugin:80 - create IPUIPlugin
2026-02-17 23:10:50,030 [INFO] PluginManager:220 - loadIPPluginJar : add dma
2026-02-17 23:10:50,110 [INFO] IPUIPlugin:80 - create IPUIPlugin
2026-02-17 23:10:50,110 [INFO] PluginManager:220 - loadIPPluginJar : add dma3
2026-02-17 23:10:50,146 [INFO] IPUIPlugin:80 - create IPUIPlugin
2026-02-17 23:10:50,147 [INFO] PluginManager:220 - loadIPPluginJar : add fatfs
2026-02-17 23:10:50,223 [INFO] IPUIPlugin:80 - create IPUIPlugin
2026-02-17 23:10:50,223 [INFO] PluginManager:220 - loadIPPluginJar : add fmc
2026-02-17 23:10:50,249 [INFO] IPUIPlugin:80 - create IPUIPlugin
2026-02-17 23:10:50,249 [INFO] PluginManager:220 - loadIPPluginJar : add freertos
2026-02-17 23:10:50,285 [INFO] IPUIPlugin:80 - create IPUIPlugin
2026-02-17 23:10:50,286 [INFO] PluginManager:220 - loadIPPluginJar : add genericplugin
2026-02-17 23:10:50,453 [INFO] IPUIPlugin:80 - create IPUIPlugin
2026-02-17 23:10:50,453 [INFO] PluginManager:220 - loadIPPluginJar : add gfxmmu
2026-02-17 23:10:50,683 [INFO] IPUIPlugin:80 - create IPUIPlugin
2026-02-17 23:10:50,684 [INFO] PluginManager:220 - loadIPPluginJar : add gic
2026-02-17 23:10:50,706 [INFO] IPUIPlugin:80 - create IPUIPlugin
2026-02-17 23:10:50,706 [INFO] PluginManager:220 - loadIPPluginJar : add gpio
2026-02-17 23:10:50,872 [INFO] IPUIPlugin:80 - create IPUIPlugin
2026-02-17 23:10:50,872 [INFO] PluginManager:220 - loadIPPluginJar : add gtzc
2026-02-17 23:10:50,948 [INFO] IPUIPlugin:80 - create IPUIPlugin
2026-02-17 23:10:50,948 [INFO] PluginManager:220 - loadIPPluginJar : add hash
2026-02-17 23:10:51,065 [INFO] IPUIPlugin:80 - create IPUIPlugin
2026-02-17 23:10:51,065 [INFO] PluginManager:220 - loadIPPluginJar : add i2c
2026-02-17 23:10:51,141 [INFO] IPUIPlugin:80 - create IPUIPlugin
2026-02-17 23:10:51,141 [INFO] PluginManager:220 - loadIPPluginJar : add i2s
2026-02-17 23:10:51,220 [INFO] IPUIPlugin:80 - create IPUIPlugin
2026-02-17 23:10:51,220 [INFO] PluginManager:220 - loadIPPluginJar : add i3c
2026-02-17 23:10:51,391 [INFO] IPUIPlugin:80 - create IPUIPlugin
2026-02-17 23:10:51,391 [INFO] PluginManager:220 - loadIPPluginJar : add ipddr
2026-02-17 23:10:51,556 [INFO] IPUIPlugin:80 - create IPUIPlugin
2026-02-17 23:10:51,556 [INFO] PluginManager:220 - loadIPPluginJar : add linkedlist
2026-02-17 23:10:51,615 [INFO] IPUIPlugin:80 - create IPUIPlugin
2026-02-17 23:10:51,615 [INFO] PluginManager:220 - loadIPPluginJar : add lorawan
2026-02-17 23:10:51,679 [INFO] IPUIPlugin:80 - create IPUIPlugin
2026-02-17 23:10:51,679 [INFO] PluginManager:220 - loadIPPluginJar : add ltdc
2026-02-17 23:10:51,693 [INFO] ThirdPartyUpdaterWithRetryManager:70 - Updater plugin not ready yet. [2/15]
2026-02-17 23:10:51,705 [INFO] IPUIPlugin:80 - create IPUIPlugin
2026-02-17 23:10:51,705 [INFO] PluginManager:220 - loadIPPluginJar : add mdma
2026-02-17 23:10:51,746 [INFO] IPUIPlugin:80 - create IPUIPlugin
2026-02-17 23:10:51,747 [INFO] PluginManager:220 - loadIPPluginJar : add nvic
2026-02-17 23:10:51,822 [INFO] IPUIPlugin:80 - create IPUIPlugin
2026-02-17 23:10:51,822 [INFO] PluginManager:220 - loadIPPluginJar : add opamp
2026-02-17 23:10:51,940 [INFO] IPUIPlugin:80 - create IPUIPlugin
2026-02-17 23:10:51,941 [INFO] PluginManager:220 - loadIPPluginJar : add openamp
2026-02-17 23:10:52,017 [INFO] IPUIPlugin:80 - create IPUIPlugin
2026-02-17 23:10:52,017 [INFO] PluginManager:220 - loadIPPluginJar : add pdm2pcm
2026-02-17 23:10:52,042 [INFO] IPUIPlugin:80 - create IPUIPlugin
2026-02-17 23:10:52,045 [INFO] PluginManager:220 - loadIPPluginJar : add plateformsettings
2026-02-17 23:10:52,090 [INFO] IPUIPlugin:80 - create IPUIPlugin
2026-02-17 23:10:52,090 [INFO] PluginManager:220 - loadIPPluginJar : add quadspi
2026-02-17 23:10:52,115 [INFO] IPUIPlugin:80 - create IPUIPlugin
2026-02-17 23:10:52,115 [INFO] PluginManager:220 - loadIPPluginJar : add resmgrutility
2026-02-17 23:10:52,191 [INFO] IPUIPlugin:80 - create IPUIPlugin
2026-02-17 23:10:52,192 [INFO] PluginManager:220 - loadIPPluginJar : add sai
2026-02-17 23:10:52,257 [INFO] IPUIPlugin:80 - create IPUIPlugin
2026-02-17 23:10:52,257 [INFO] PluginManager:220 - loadIPPluginJar : add spi
2026-02-17 23:10:52,344 [INFO] IPUIPlugin:80 - create IPUIPlugin
2026-02-17 23:10:52,344 [INFO] PluginManager:220 - loadIPPluginJar : add stm32_wpan
2026-02-17 23:10:52,390 [INFO] IPUIPlugin:80 - create IPUIPlugin
2026-02-17 23:10:52,390 [INFO] PluginManager:220 - loadIPPluginJar : add tim
2026-02-17 23:10:52,490 [INFO] IPUIPlugin:80 - create IPUIPlugin
2026-02-17 23:10:52,490 [INFO] PluginManager:220 - loadIPPluginJar : add touchsensing
2026-02-17 23:10:52,527 [INFO] IPUIPlugin:80 - create IPUIPlugin
2026-02-17 23:10:52,527 [INFO] PluginManager:220 - loadIPPluginJar : add tracer_emb
2026-02-17 23:10:52,569 [INFO] IPUIPlugin:80 - create IPUIPlugin
2026-02-17 23:10:52,569 [INFO] PluginManager:220 - loadIPPluginJar : add ts
2026-02-17 23:10:52,611 [INFO] IPUIPlugin:80 - create IPUIPlugin
2026-02-17 23:10:52,611 [INFO] PluginManager:220 - loadIPPluginJar : add tsc
2026-02-17 23:10:52,651 [INFO] IPUIPlugin:80 - create IPUIPlugin
2026-02-17 23:10:52,652 [INFO] PluginManager:220 - loadIPPluginJar : add ucpd
2026-02-17 23:10:52,726 [INFO] IPUIPlugin:80 - create IPUIPlugin
2026-02-17 23:10:52,726 [INFO] PluginManager:220 - loadIPPluginJar : add usart
2026-02-17 23:10:52,801 [INFO] IPUIPlugin:80 - create IPUIPlugin
2026-02-17 23:10:52,801 [INFO] PluginManager:220 - loadIPPluginJar : add usbx
2026-02-17 23:10:52,946 [INFO] CADModel:165 - CPN selected for project level
2026-02-17 23:10:52,946 [INFO] CADModel:114 - Register for checkConnection events
2026-02-17 23:10:52,947 [FATAL] Updater:308 - Updater called before beeing initialized
2026-02-17 23:10:52,947 [ERROR] CADModel:125 - Updater not yet initialized, retry later 
2026-02-17 23:10:53,156 [INFO] CADModel:165 - CPN selected for project level
2026-02-17 23:10:53,157 [INFO] CADModel:114 - Register for checkConnection events
2026-02-17 23:10:53,157 [FATAL] Updater:308 - Updater called before beeing initialized
2026-02-17 23:10:53,157 [ERROR] CADModel:125 - Updater not yet initialized, retry later 
2026-02-17 23:10:53,162 [FATAL] Updater:308 - Updater called before beeing initialized
2026-02-17 23:10:53,325 [FATAL] Updater:308 - Updater called before beeing initialized
2026-02-17 23:10:53,351 [INFO] DbMcusAds:53 - JSON generation date=Thu Jan 08 16:57:51 CET 2026 (1767887871456)
2026-02-17 23:10:53,351 [FATAL] Updater:308 - Updater called before beeing initialized
2026-02-17 23:10:53,495 [WARN] DetailPanel:346 - Failed to get advertising image, set to default
2026-02-17 23:10:53,618 [FATAL] Updater:308 - Updater called before beeing initialized
2026-02-17 23:10:53,621 [FATAL] Updater:308 - Updater called before beeing initialized
2026-02-17 23:10:53,621 [FATAL] Updater:308 - Updater called before beeing initialized
2026-02-17 23:10:53,622 [WARN] DetailPanel:346 - Failed to get advertising image, set to default
2026-02-17 23:10:53,622 [FATAL] Updater:308 - Updater called before beeing initialized
2026-02-17 23:10:53,698 [ERROR] Updater:1120 - MainUpdater not yet initialized. External WinMGr cannot be set.
2026-02-17 23:10:53,715 [INFO] Updater:1056 - Updater Version found : 6.9.2
2026-02-17 23:10:53,741 [INFO] ApplicationProperties:184 - Using Application install path: D:\STM32CubeIDE_1.13.2\STM32CubeIDE\plugins\com.st.stm32cube.common.mx_6.9.2.202309101412
2026-02-17 23:10:54,065 [INFO] MainUpdater:2868 - connection check result : 10
2026-02-17 23:10:54,066 [INFO] MainUpdater:3562 - Updater definition file requires update
2026-02-17 23:10:54,067 [INFO] MainUpdater:285 - Updater Check For Update Now.
2026-02-17 23:10:54,068 [INFO] MicroXplorer:498 - Change Database Version : DB.6.0.92
2026-02-17 23:10:54,102 [INFO] McuFinderGlobals:63 - Set McuFinder mode to 2 (CubeIDE integrated)
2026-02-17 23:10:54,138 [INFO] ServerAccessManage:473 - Download File updaters.zip
2026-02-17 23:10:54,273 [INFO] FileExtend:240 - Unzip File : updaters.zip
2026-02-17 23:10:54,274 [INFO] FileExtend:255 - Standard Zip Deflate
2026-02-17 23:10:54,694 [WARN] MainUpdater:1189 - Updater busy. Cannot search thirdparties
2026-02-17 23:10:54,695 [INFO] ThirdPartyUpdaterWithRetryManager:96 - Updater plugin is busy. [1/15]
2026-02-17 23:10:55,121 [INFO] ServerAccessManage:473 - Download File PacksControlFlags.xml
2026-02-17 23:10:55,321 [INFO] ServerAccessManage:473 - Download File cubemx.pidx
2026-02-17 23:10:56,292 [INFO] ServerAccessManage:473 - Download File STMicroelectronics.FP-SNS-MOTENVWB1.pdsc
2026-02-17 23:10:57,281 [INFO] ServerAccessManage:473 - Download File STMicroelectronics.X-CUBE-FREERTOS.pdsc
2026-02-17 23:10:57,716 [WARN] MainUpdater:1189 - Updater busy. Cannot search thirdparties
2026-02-17 23:10:57,716 [INFO] ThirdPartyUpdaterWithRetryManager:96 - Updater plugin is busy. [2/15]
2026-02-17 23:10:58,700 [INFO] ServerAccessManage:473 - Download File STMicroelectronics.X-CUBE-TOUCHGFX.pdsc
2026-02-17 23:11:00,718 [WARN] MainUpdater:1189 - Updater busy. Cannot search thirdparties
2026-02-17 23:11:00,718 [INFO] ThirdPartyUpdaterWithRetryManager:96 - Updater plugin is busy. [3/15]
2026-02-17 23:11:01,119 [WARN] PopulateThirdPartyThread:106 - Error when creating pack: C:/Users/admin/.stm32cubemx/thirdparties/pdsc/STMicroelectronics.FP-SNS-MOTENVWB1.pdsc
2026-02-17 23:11:01,122 [WARN] PopulateThirdPartyThread:106 - Error when creating pack: C:/Users/admin/.stm32cubemx/thirdparties/pdsc/STMicroelectronics.X-CUBE-FREERTOS.pdsc
2026-02-17 23:11:01,166 [WARN] PackLoader:240 - Cannot read IP mode file for STMicroelectronics.X-CUBE-TOUCHGFX.4.26.0
2026-02-17 23:11:01,168 [INFO] PopulateThirdPartyThread:66 - Ending populate Thread
2026-02-17 23:11:01,170 [INFO] ThirdParty:1030 - CMSIS Pack Vendor :STMicroelectronics X-CUBE-TOUCHGFX 4.26.0
2026-02-17 23:11:01,170 [INFO] LoadServerUpdatesThread:373 - End of LoadServerUpdate Thread
2026-02-17 23:11:01,353 [INFO] CheckServerUpdateThread:120 - End of CheckServer Thread
2026-02-17 23:11:04,076 [WARN] PackLoader:240 - Cannot read IP mode file for STMicroelectronics.FP-SNS-MOTENVWB1.1.4.0
2026-02-17 23:11:04,084 [WARN] PackLoader:240 - Cannot read IP mode file for STMicroelectronics.FP-ATR-ASTRA1.2.0.2
2026-02-17 23:11:04,103 [WARN] PackLoader:240 - Cannot read IP mode file for STMicroelectronics.FP-ATR-ASTRA1.2.0.1
2026-02-17 23:11:04,124 [WARN] PackLoader:240 - Cannot read IP mode file for STMicroelectronics.X-CUBE-SMBUS.2.1.0
2026-02-17 23:11:04,147 [WARN] PackLoader:240 - Cannot read IP mode file for STMicroelectronics.X-CUBE-WB05N.1.1.0
2026-02-17 23:11:04,166 [ERROR] Engine:466 - C:\Users\admin\.stm32cubemx\thirdparties\pdsc\STMicroelectronics.X-CUBE-ST60.1.0.0.pdsc: PDSC version is not supported
2026-02-17 23:11:04,185 [WARN] PackLoader:240 - Cannot read IP mode file for STMicroelectronics.X-CUBE-TOUCHGFX.4.23.1
2026-02-17 23:11:04,204 [WARN] PackLoader:240 - Cannot read IP mode file for STMicroelectronics.X-CUBE-TOUCHGFX.4.23.0
2026-02-17 23:11:04,225 [WARN] PackLoader:240 - Cannot read IP mode file for STMicroelectronics.X-CUBE-TOUCHGFX.4.23.2
2026-02-17 23:11:04,278 [WARN] PackLoader:240 - Cannot read IP mode file for STMicroelectronics.X-CUBE-AZRTOS-F7.1.1.0
2026-02-17 23:11:04,309 [WARN] PackLoader:240 - Cannot read IP mode file for STMicroelectronics.FP-SNS-MOTENV1.4.3.2
2026-02-17 23:11:04,335 [ERROR] Engine:466 - C:\Users\admin\.stm32cubemx\thirdparties\pdsc\STMicroelectronics.FP-SNS-MOTENV1.5.1.0.pdsc: PDSC version is not supported
2026-02-17 23:11:04,357 [WARN] PackLoader:240 - Cannot read IP mode file for STMicroelectronics.FP-SNS-FLIGHT1.5.0.2
2026-02-17 23:11:04,416 [WARN] PackLoader:240 - Cannot read IP mode file for STMicroelectronics.X-CUBE-AZRTOS-H7.3.4.0
2026-02-17 23:11:04,446 [WARN] PackLoader:240 - Cannot read IP mode file for STMicroelectronics.X-CUBE-DISPLAY.3.0.0
2026-02-17 23:11:04,455 [ERROR] Engine:466 - C:\Users\admin\.stm32cubemx\thirdparties\pdsc\STMicroelectronics.FP-SNS-MOTENVWB1.1.5.0.pdsc: PDSC version is not supported
2026-02-17 23:11:04,474 [WARN] PackLoader:240 - Cannot read IP mode file for STMicroelectronics.X-CUBE-BLE1.7.0.0
2026-02-17 23:11:04,499 [WARN] PackLoader:240 - Cannot read IP mode file for STMicroelectronics.X-CUBE-NFC10.1.0.0
2026-02-17 23:11:04,520 [ERROR] Engine:466 - C:\Users\admin\.stm32cubemx\thirdparties\pdsc\STMicroelectronics.X-CUBE-BLEMGR.4.0.0.pdsc: PDSC version is not supported
2026-02-17 23:11:04,537 [ERROR] Engine:466 - C:\Users\admin\.stm32cubemx\thirdparties\pdsc\STMicroelectronics.X-CUBE-ST60.1.1.0.pdsc: PDSC version is not supported
2026-02-17 23:11:04,559 [WARN] PackLoader:240 - Cannot read IP mode file for emotas.I-CUBE-CANOPEN.1.3.0
2026-02-17 23:11:04,581 [WARN] PackLoader:240 - Cannot read IP mode file for STMicroelectronics.X-CUBE-GNSS1.7.1.0
2026-02-17 23:11:04,607 [WARN] PackLoader:240 - Cannot read IP mode file for STMicroelectronics.X-CUBE-TOUCHGFX.4.22.1
2026-02-17 23:11:04,637 [WARN] PackLoader:240 - Cannot read IP mode file for STMicroelectronics.X-CUBE-BLEMGR.3.1.0
2026-02-17 23:11:04,661 [WARN] PackLoader:240 - Cannot read IP mode file for STMicroelectronics.X-CUBE-AI.10.0.0
2026-02-17 23:11:04,681 [ERROR] Engine:466 - C:\Users\admin\.stm32cubemx\thirdparties\pdsc\STMicroelectronics.FP-SNS-STBOX1.2.1.0.pdsc: PDSC version is not supported
2026-02-17 23:11:04,706 [WARN] PackLoader:240 - Cannot read IP mode file for STMicroelectronics.FP-SNS-SMARTAG2.1.2.0
2026-02-17 23:11:04,727 [ERROR] Engine:466 - C:\Users\admin\.stm32cubemx\thirdparties\pdsc\STMicroelectronics.FP-SNS-FLIGHT1.5.1.0.pdsc: PDSC version is not supported
2026-02-17 23:11:04,820 [WARN] PackLoader:240 - Cannot read IP mode file for STMicroelectronics.X-CUBE-MEMS1.11.1.0
2026-02-17 23:11:05,042 [INFO] LogOutputStream:77 - [STDOUT_REDIRECT] 1 : Invalid condition id : UX_CORESTACK_Condition cause : null
2026-02-17 23:11:05,043 [INFO] LogOutputStream:77 - [STDOUT_REDIRECT] 1 : Invalid condition id : UX_CORESTACK_Condition cause : null
2026-02-17 23:11:05,044 [INFO] LogOutputStream:77 - [STDOUT_REDIRECT] 1 : Invalid condition id : UX_CORESTACK_Condition cause : null
2026-02-17 23:11:05,046 [INFO] LogOutputStream:77 - [STDOUT_REDIRECT] 1 : Invalid condition id : UX_CORESTACK_Condition cause : null
2026-02-17 23:11:05,048 [INFO] LogOutputStream:77 - [STDOUT_REDIRECT] 1 : Invalid condition id : UX_CORESTACK_Condition cause : null
2026-02-17 23:11:05,052 [WARN] PackLoader:240 - Cannot read IP mode file for STMicroelectronics.X-CUBE-AZRTOS-WL.2.0.0
2026-02-17 23:11:05,076 [WARN] PackLoader:240 - Cannot read IP mode file for STMicroelectronics.FP-SNS-MOTENV1.5.0.0
2026-02-17 23:11:05,127 [WARN] PackLoader:240 - Cannot read IP mode file for STMicroelectronics.X-CUBE-AZRTOS-H7RS.1.2.0
2026-02-17 23:11:05,136 [WARN] PackLoader:240 - Cannot read IP mode file for wolfSSL.I-CUBE-wolfMQTT.1.19.0
2026-02-17 23:11:05,165 [WARN] PackLoader:240 - Cannot read IP mode file for WES.I-CUBE-Cesium.1.3.0
2026-02-17 23:11:05,193 [WARN] PackLoader:240 - Cannot read IP mode file for STMicroelectronics.X-CUBE-BLE2.3.3.0
2026-02-17 23:11:05,198 [ERROR] Engine:466 - C:\Users\admin\.stm32cubemx\thirdparties\pdsc\Avnet-IOTCONNECT.X-CUBE-iotc-st67-sdk.1.0.0.pdsc: PDSC version is not supported
2026-02-17 23:11:05,226 [WARN] PackLoader:240 - Cannot read IP mode file for STMicroelectronics.X-CUBE-NFC9.1.0.0
2026-02-17 23:11:05,257 [WARN] PackLoader:240 - Cannot read IP mode file for STMicroelectronics.X-CUBE-BLE1.7.1.0
2026-02-17 23:11:05,283 [WARN] PackLoader:240 - Cannot read IP mode file for STMicroelectronics.X-CUBE-TCPP.4.1.0
2026-02-17 23:11:05,288 [ERROR] Engine:466 - C:\Users\admin\.stm32cubemx\thirdparties\pdsc\STMicroelectronics.X-CUBE-FREERTOS.1.4.0.pdsc: PDSC version is not supported
2026-02-17 23:11:05,317 [WARN] PackLoader:240 - Cannot read IP mode file for STMicroelectronics.X-CUBE-EEPRMA1.5.2.0
2026-02-17 23:11:05,346 [ERROR] Engine:466 - C:\Users\admin\.stm32cubemx\thirdparties\pdsc\STMicroelectronics.X-CUBE-ST67W61.1.1.0.pdsc: PDSC version is not supported
2026-02-17 23:11:05,371 [WARN] PackLoader:240 - Cannot read IP mode file for STMicroelectronics.X-CUBE-AI.10.1.0
2026-02-17 23:11:05,457 [WARN] PackLoader:240 - Cannot read IP mode file for STMicroelectronics.X-CUBE-MEMS1.12.0.0
2026-02-17 23:11:05,599 [WARN] PackLoader:240 - Cannot read IP mode file for STMicroelectronics.X-CUBE-ALGOBUILD.1.3.0
2026-02-17 23:11:05,687 [WARN] PackLoader:240 - Cannot read IP mode file for STMicroelectronics.X-CUBE-MEMS1.11.2.0
2026-02-17 23:11:05,909 [WARN] PackLoader:240 - Cannot read IP mode file for STMicroelectronics.X-CUBE-AZRTOS-G0.1.1.0
2026-02-17 23:11:05,937 [WARN] PackLoader:240 - Cannot read IP mode file for STMicroelectronics.X-CUBE-SAFEA1.1.2.2
2026-02-17 23:11:05,966 [WARN] PackLoader:240 - Cannot read IP mode file for STMicroelectronics.X-CUBE-NFC4.3.0.0
2026-02-17 23:11:05,987 [ERROR] Engine:466 - C:\Users\admin\.stm32cubemx\thirdparties\pdsc\EmbeddedOffice.I-CUBE-FS-RTOS.1.0.1.pdsc: PDSC version is not supported
2026-02-17 23:11:06,011 [WARN] PackLoader:240 - Cannot read IP mode file for STMicroelectronics.X-CUBE-WB05N.2.0.0
2026-02-17 23:11:06,042 [WARN] PackLoader:240 - Cannot read IP mode file for STMicroelectronics.X-CUBE-BLEMGR.3.0.0
2026-02-17 23:11:06,065 [ERROR] Engine:466 - C:\Users\admin\.stm32cubemx\thirdparties\pdsc\STMicroelectronics.X-CUBE-TCPP.4.2.0.pdsc: PDSC version is not supported
2026-02-17 23:11:06,092 [ERROR] Engine:466 - C:\Users\admin\.stm32cubemx\thirdparties\pdsc\RealThread.X-CUBE-RT-Thread_Nano.4.1.1.pdsc: PDSC version is not supported
2026-02-17 23:11:06,099 [WARN] PackLoader:240 - Cannot read IP mode file for STMicroelectronics.FP-ATR-SIGFOX1.3.2.0
2026-02-17 23:11:06,104 [ERROR] Engine:466 - C:\Users\admin\.stm32cubemx\thirdparties\pdsc\quantropi.X-CUBE-qispace-sdk-base.1.9.3.pdsc: PDSC version is not supported
2026-02-17 23:11:06,129 [WARN] PackLoader:240 - Cannot read IP mode file for STMicroelectronics.X-CUBE-EEPRMA1.5.1.0
2026-02-17 23:11:06,162 [WARN] PackLoader:240 - Cannot read IP mode file for STMicroelectronics.X-CUBE-NFC6.3.2.0
2026-02-17 23:11:06,187 [ERROR] Engine:466 - C:\Users\admin\.stm32cubemx\thirdparties\pdsc\STMicroelectronics.X-CUBE-ST67W61.1.0.0.pdsc: PDSC version is not supported
2026-02-17 23:11:06,212 [WARN] PackLoader:240 - Cannot read IP mode file for STMicroelectronics.X-CUBE-AI.10.2.0
2026-02-17 23:11:06,274 [WARN] PackLoader:240 - Cannot read IP mode file for SEGGER.I-CUBE-embOS.1.3.1
2026-02-17 23:11:06,352 [WARN] PackLoader:240 - Cannot read IP mode file for STMicroelectronics.X-CUBE-ALGOBUILD.1.4.0
2026-02-17 23:11:06,446 [WARN] PackLoader:240 - Cannot read IP mode file for STMicroelectronics.X-CUBE-MEMS1.11.3.0
2026-02-17 23:11:06,648 [WARN] PackLoader:240 - Cannot read IP mode file for STMicroelectronics.X-CUBE-AI.9.1.0
2026-02-17 23:11:06,669 [WARN] PackLoader:240 - Cannot read IP mode file for STMicroelectronics.X-CUBE-PM33A1.1.0.0
2026-02-17 23:11:06,690 [WARN] PackLoader:240 - Cannot read IP mode file for STMicroelectronics.X-CUBE-GNSS1.6.0.0
2026-02-17 23:11:06,737 [WARN] PackLoader:240 - Cannot read IP mode file for STMicroelectronics.X-CUBE-AZRTOS-F4.1.1.0
2026-02-17 23:11:06,760 [WARN] PackLoader:240 - Cannot read IP mode file for wolfSSL.I-CUBE-wolfSSL.5.6.3
2026-02-17 23:11:06,781 [ERROR] Engine:466 - C:\Users\admin\.stm32cubemx\thirdparties\pdsc\Avnet-IotConnect.X-CUBE-IoTC-DA16k-PMOD.1.0.0.pdsc: PDSC version is not supported
2026-02-17 23:11:06,803 [WARN] PackLoader:240 - Cannot read IP mode file for STMicroelectronics.X-CUBE-ISPU.2.1.0
2026-02-17 23:11:06,834 [ERROR] Engine:466 - C:\Users\admin\.stm32cubemx\thirdparties\pdsc\STMicroelectronics.X-CUBE-IPS.3.2.0.pdsc: PDSC version is not supported
2026-02-17 23:11:06,859 [WARN] PackLoader:240 - Cannot read IP mode file for STMicroelectronics.X-CUBE-FREERTOS.1.2.0
2026-02-17 23:11:06,884 [WARN] PackLoader:240 - Cannot read IP mode file for STMicroelectronics.X-CUBE-NFC12.1.0.0
2026-02-17 23:11:06,927 [WARN] PackLoader:240 - Cannot read IP mode file for STMicroelectronics.X-CUBE-AZRTOS-L5.2.0.0
2026-02-17 23:11:06,957 [WARN] PackLoader:240 - Cannot read IP mode file for STMicroelectronics.X-CUBE-EEPRMA1.4.2.0
2026-02-17 23:11:06,984 [WARN] PackLoader:240 - Cannot read IP mode file for STMicroelectronics.X-CUBE-NFC6.3.1.0
2026-02-17 23:11:07,012 [WARN] PackLoader:240 - Cannot read IP mode file for ITTIA_DB.I-CUBE-ITTIADB.8.8.0
2026-02-17 23:11:07,036 [WARN] PackLoader:240 - Cannot read IP mode file for STMicroelectronics.X-CUBE-BLEMGR.2.0.0
2026-02-17 23:11:07,066 [ERROR] Engine:466 - C:\Users\admin\.stm32cubemx\thirdparties\pdsc\STMicroelectronics.X-CUBE-DPower.1.2.0.pdsc: PDSC version is not supported
2026-02-17 23:11:07,093 [WARN] PackLoader:240 - Cannot read IP mode file for STMicroelectronics.X-CUBE-AI.9.0.0
2026-02-17 23:11:07,134 [WARN] ConditionMgr:438 - getConditionDescription Invalid condition id : UX DEVICE CLASS RTOS Condition cause : null
2026-02-17 23:11:07,135 [WARN] ConditionMgr:438 - getConditionDescription Invalid condition id : UX DEVICE CLASS RTOS Condition cause : null
2026-02-17 23:11:07,140 [WARN] PackLoader:240 - Cannot read IP mode file for STMicroelectronics.X-CUBE-AZRTOS-H7.3.1.0
2026-02-17 23:11:07,141 [WARN] ConditionMgr:1039 - genDependencies : Invalid condition id : UX DEVICE CLASS RTOS Condition cause : null
2026-02-17 23:11:07,141 [WARN] ConditionMgr:1039 - genDependencies : Invalid condition id : UX DEVICE CLASS RTOS Condition cause : null
2026-02-17 23:11:07,141 [WARN] ConditionMgr:1039 - genDependencies : Invalid condition id : UX DEVICE CLASS RTOS Condition cause : null
2026-02-17 23:11:07,142 [WARN] ConditionMgr:1039 - genDependencies : Invalid condition id : UX DEVICE CLASS RTOS Condition cause : null
2026-02-17 23:11:07,142 [WARN] ConditionMgr:1039 - genDependencies : Invalid condition id : UX DEVICE CLASS RTOS Condition cause : null
2026-02-17 23:11:07,168 [WARN] PackLoader:240 - Cannot read IP mode file for STMicroelectronics.X-CUBE-FREERTOS.1.3.1
2026-02-17 23:11:07,193 [WARN] PackLoader:240 - Cannot read IP mode file for STMicroelectronics.X-CUBE-FREERTOS.1.3.0
2026-02-17 23:11:07,218 [WARN] PackLoader:240 - Cannot read IP mode file for STMicroelectronics.X-CUBE-NFC7.1.0.1
2026-02-17 23:11:07,226 [WARN] PackLoader:240 - Cannot read IP mode file for wolfSSL.I-CUBE-wolfTPM.3.2.0
2026-02-17 23:11:07,230 [WARN] PackLoader:240 - Cannot read IP mode file for STMicroelectronics.X-CUBE-TOUCHGFX.4.26.0
2026-02-17 23:11:07,257 [WARN] PackLoader:240 - Cannot read IP mode file for STMicroelectronics.X-CUBE-NFC6.3.0.0
2026-02-17 23:11:07,282 [ERROR] Engine:466 - C:\Users\admin\.stm32cubemx\thirdparties\pdsc\STMicroelectronics.FP-SNS-STAIOTCFT.1.0.0.pdsc: PDSC version is not supported
2026-02-17 23:11:07,305 [ERROR] Engine:466 - C:\Users\admin\.stm32cubemx\thirdparties\pdsc\STMicroelectronics.X-CUBE-DPower.1.3.0.pdsc: PDSC version is not supported
2026-02-17 23:11:07,325 [WARN] PackLoader:240 - Cannot read IP mode file for STMicroelectronics.X-CUBE-AI.8.1.0
2026-02-17 23:11:07,374 [WARN] ConditionMgr:438 - getConditionDescription Invalid condition id : LAN8742 Phy interface Condition cause : null
2026-02-17 23:11:07,375 [WARN] PackLoader:240 - Cannot read IP mode file for STMicroelectronics.X-CUBE-AZRTOS-L4.2.0.0
2026-02-17 23:11:07,377 [WARN] ConditionMgr:1039 - genDependencies : Invalid condition id : LAN8742 Phy interface Condition cause : null
2026-02-17 23:11:07,378 [WARN] ConditionMgr:1039 - genDependencies : Invalid condition id : LAN8742 Phy interface Condition cause : null
2026-02-17 23:11:07,379 [WARN] ConditionMgr:1039 - genDependencies : Invalid condition id : LAN8742 Phy interface Condition cause : null
2026-02-17 23:11:07,405 [WARN] PackLoader:240 - Cannot read IP mode file for STMicroelectronics.X-CUBE-SFXS2LP1.4.0.0
2026-02-17 23:11:07,427 [ERROR] Engine:466 - C:\Users\admin\.stm32cubemx\thirdparties\pdsc\STMicroelectronics.X-CUBE-ST67W61.1.2.0.pdsc: PDSC version is not supported
2026-02-17 23:11:07,448 [WARN] PackLoader:240 - Cannot read IP mode file for STMicroelectronics.X-CUBE-ISPU.1.1.0
2026-02-17 23:11:07,499 [WARN] PackLoader:240 - Cannot read IP mode file for STMicroelectronics.X-CUBE-AZRTOS-H7.3.3.0
2026-02-17 23:11:07,529 [ERROR] Engine:466 - C:\Users\admin\.stm32cubemx\thirdparties\pdsc\STMicroelectronics.X-CUBE-BLEMGR.4.1.0.pdsc: PDSC version is not supported
2026-02-17 23:11:07,556 [ERROR] Engine:466 - C:\Users\admin\.stm32cubemx\thirdparties\pdsc\STMicroelectronics.X-CUBE-IPS.3.0.0.pdsc: PDSC version is not supported
2026-02-17 23:11:07,591 [WARN] ConditionMgr:438 - getConditionDescription Invalid condition id : UX DEVICE CLASS RTOS Condition cause : null
2026-02-17 23:11:07,591 [WARN] ConditionMgr:438 - getConditionDescription Invalid condition id : UX DEVICE CLASS RTOS Condition cause : null
2026-02-17 23:11:07,593 [WARN] PackLoader:240 - Cannot read IP mode file for STMicroelectronics.X-CUBE-AZRTOS-WB.2.0.0
2026-02-17 23:11:07,593 [WARN] ConditionMgr:1039 - genDependencies : Invalid condition id : UX DEVICE CLASS RTOS Condition cause : null
2026-02-17 23:11:07,593 [WARN] ConditionMgr:1039 - genDependencies : Invalid condition id : UX DEVICE CLASS RTOS Condition cause : null
2026-02-17 23:11:07,594 [WARN] ConditionMgr:1039 - genDependencies : Invalid condition id : UX DEVICE CLASS RTOS Condition cause : null
2026-02-17 23:11:07,594 [WARN] ConditionMgr:1039 - genDependencies : Invalid condition id : UX DEVICE CLASS RTOS Condition cause : null
2026-02-17 23:11:07,594 [WARN] ConditionMgr:1039 - genDependencies : Invalid condition id : UX DEVICE CLASS RTOS Condition cause : null
2026-02-17 23:11:07,621 [WARN] PackLoader:240 - Cannot read IP mode file for STMicroelectronics.X-CUBE-GNSS1.7.0.1
2026-02-17 23:11:07,652 [WARN] PackLoader:240 - Cannot read IP mode file for STMicroelectronics.X-CUBE-TOUCHGFX.4.25.0
2026-02-17 23:11:07,679 [ERROR] Engine:466 - C:\Users\admin\.stm32cubemx\thirdparties\pdsc\STMicroelectronics.FP-SNS-STBOX1.2.0.0.pdsc: PDSC version is not supported
2026-02-17 23:11:07,707 [WARN] PackLoader:240 - Cannot read IP mode file for STMicroelectronics.X-CUBE-STSE01.2.0.0
2026-02-17 23:11:07,744 [WARN] PackLoader:240 - Cannot read IP mode file for STMicroelectronics.X-CUBE-SUBG2.5.0.0
2026-02-17 23:11:07,795 [WARN] PackLoader:240 - Cannot read IP mode file for STMicroelectronics.X-CUBE-AZRTOS-H7RS.1.1.0
2026-02-17 23:11:07,807 [WARN] PackLoader:240 - Cannot read IP mode file for Cesanta.I-CUBE-Mongoose.7.13.0
2026-02-17 23:11:07,841 [WARN] PackLoader:240 - Cannot read IP mode file for STMicroelectronics.X-CUBE-TOF1.3.3.1
2026-02-17 23:11:07,902 [WARN] PackLoader:240 - Cannot read IP mode file for STMicroelectronics.X-CUBE-AZRTOS-G4.2.0.0
2026-02-17 23:11:07,951 [WARN] PackLoader:240 - Cannot read IP mode file for Infineon.AIROC-Wi-Fi-Bluetooth-STM32.1.5.1
2026-02-17 23:11:07,974 [WARN] PackLoader:240 - Cannot read IP mode file for STMicroelectronics.X-CUBE-NFC7.2.0.0
2026-02-17 23:11:07,993 [WARN] PackLoader:240 - Cannot read IP mode file for STMicroelectronics.FP-SNS-MOTENVWB1.1.3.1
2026-02-17 23:11:08,021 [WARN] PackLoader:240 - Cannot read IP mode file for STMicroelectronics.X-CUBE-ISPU.2.0.0
2026-02-17 23:11:08,050 [ERROR] Engine:466 - C:\Users\admin\.stm32cubemx\thirdparties\pdsc\STMicroelectronics.X-CUBE-IPS.3.1.0.pdsc: PDSC version is not supported
2026-02-17 23:11:08,073 [WARN] PackLoader:240 - Cannot read IP mode file for STMicroelectronics.X-CUBE-ALS.1.0.2
2026-02-17 23:11:08,140 [WARN] PackLoader:240 - Cannot read IP mode file for STMicroelectronics.X-CUBE-MEMS1.10.0.0
2026-02-17 23:11:08,508 [WARN] PackLoader:240 - Cannot read IP mode file for STMicroelectronics.X-CUBE-FREERTOS.1.1.0
2026-02-17 23:11:08,529 [WARN] PackLoader:240 - Cannot read IP mode file for STMicroelectronics.X-CUBE-TOUCHGFX.4.24.0
2026-02-17 23:11:08,548 [WARN] PackLoader:240 - Cannot read IP mode file for STMicroelectronics.X-CUBE-TOUCHGFX.4.24.2
2026-02-17 23:11:08,570 [WARN] PackLoader:240 - Cannot read IP mode file for STMicroelectronics.X-CUBE-TOUCHGFX.4.24.1
2026-02-17 23:11:08,598 [WARN] PackLoader:240 - Cannot read IP mode file for STMicroelectronics.X-CUBE-STSE01.1.0.0
2026-02-17 23:11:08,630 [WARN] PackLoader:240 - Cannot read IP mode file for portGmbH.I-Cube-SoM-uGOAL.1.1.0
2026-02-17 23:11:08,652 [WARN] PackLoader:240 - Cannot read IP mode file for STMicroelectronics.X-CUBE-ALS.1.0.1
2026-02-17 23:11:08,699 [WARN] PackLoader:240 - Cannot read IP mode file for STMicroelectronics.X-CUBE-AZRTOS-H7RS.1.0.0
2026-02-17 23:11:08,722 [WARN] PackLoader:240 - Cannot read IP mode file for STMicroelectronics.FP-ATR-ASTRA1.2.0.0
2026-02-17 23:11:08,748 [ERROR] Engine:466 - C:\Users\admin\.stm32cubemx\thirdparties\pdsc\STMicroelectronics.X-CUBE-TOF1.3.4.2.pdsc: PDSC version is not supported
2026-02-17 23:11:08,774 [ERROR] Engine:466 - C:\Users\admin\.stm32cubemx\thirdparties\pdsc\STMicroelectronics.X-CUBE-TOF1.3.4.3.pdsc: PDSC version is not supported
2026-02-17 23:11:08,804 [WARN] PackLoader:240 - Cannot read IP mode file for STMicroelectronics.X-CUBE-TOF1.3.4.0
2026-02-17 23:11:08,855 [WARN] PackLoader:240 - Cannot read IP mode file for STMicroelectronics.X-CUBE-TOF1.3.4.1
2026-02-17 23:11:08,918 [WARN] PackLoader:240 - Cannot read IP mode file for STMicroelectronics.X-CUBE-AZRTOS-H7.3.2.0
2026-02-17 23:11:08,929 [WARN] PackLoader:240 - Cannot read IP mode file for wolfSSL.I-CUBE-wolfSSH.1.4.17
2026-02-17 23:11:08,930 [INFO] ThirdParty:978 - Integrity check success = true
2026-02-17 23:11:08,930 [INFO] IntegrityCheckThread:100 - exiting critical section [integrity check]
2026-02-17 23:11:08,930 [INFO] IntegrityCheckThread:103 - End integrity checks thread
2026-02-17 23:11:15,770 [ERROR] LogOutputStream:75 - [STDERR_REDIRECT] SLF4J: Failed to load class "org.slf4j.impl.StaticLoggerBinder".
2026-02-17 23:11:15,771 [ERROR] LogOutputStream:75 - [STDERR_REDIRECT] SLF4J: Defaulting to no-operation (NOP) logger implementation
2026-02-17 23:11:15,772 [ERROR] LogOutputStream:75 - [STDERR_REDIRECT] SLF4J: See http://www.slf4j.org/codes.html#StaticLoggerBinder for further details.
