2026-02-11 21:52:43,698 [INFO] Activator:176 - 


2026-02-11 21:52:43,708 [INFO] Activator:177 - !SESSION log4j initialized
2026-02-11 21:52:53,994 [INFO] LogOutputStream:77 - [STDOUT_REDIRECT] 
2026-02-11 21:53:01,038 [INFO] ApplicationProperties:184 - Using Application install path: D:\STM32CubeIDE_1.13.2\STM32CubeIDE\plugins\com.st.stm32cube.common.mx_6.9.2.202309101412
2026-02-11 21:53:01,087 [INFO] DbMcusXml:78 - Set database path to: D:\STM32CubeIDE_1.13.2\STM32CubeIDE\plugins\com.st.stm32cube.common.mx_6.9.2.202309101412\\db\/mcu/
2026-02-11 21:53:01,088 [INFO] ApiDb:274 - Set plugin database path to: D:\STM32CubeIDE_1.13.2\STM32CubeIDE\plugins\com.st.stm32cube.common.mx_6.9.2.202309101412\\db\/plugins/boardmanager/
2026-02-11 21:53:01,088 [WARN] ApiDb:259 - Overriding images path with different value:  => D:\STM32CubeIDE_1.13.2\STM32CubeIDE\plugins\com.st.stm32cube.common.mx_6.9.2.202309101412\\db\/plugins/mcufinder/images/
2026-02-11 21:53:01,132 [INFO] ApiDb:250 - Set database path to: C:\Users\admin\.stmcufinder\plugins\mcufinder//mcu/
2026-02-11 21:53:01,134 [INFO] DbMcusAds:125 - Set database path to: C:\Users\admin\.stmcufinder\plugins\mcufinder//mcu/
2026-02-11 21:53:01,139 [INFO] CrossReferenceDbSqlite:203 - Set database path to: C:\Users\admin\.stmcufinder\plugins\mcufinder//mcu/cs/
2026-02-11 21:53:01,449 [INFO] RulesReader:64 - Compatibility file has been processed (293 Rules)
2026-02-11 21:53:01,680 [INFO] DbMcusXml:78 - Set database path to: D:\STM32CubeIDE_1.13.2\STM32CubeIDE\plugins\com.st.stm32cube.common.mx_6.9.2.202309101412\\db\/mcu/
2026-02-11 21:53:01,680 [INFO] ApiDb:274 - Set plugin database path to: D:\STM32CubeIDE_1.13.2\STM32CubeIDE\plugins\com.st.stm32cube.common.mx_6.9.2.202309101412\\db\/plugins/boardmanager/
2026-02-11 21:53:01,680 [INFO] ApiDb:261 - Set plugin images path to: D:\STM32CubeIDE_1.13.2\STM32CubeIDE\plugins\com.st.stm32cube.common.mx_6.9.2.202309101412\\db\/plugins/mcufinder/images/
2026-02-11 21:53:01,681 [WARN] DbFile:41 - Overriding database path with different value: C:\Users\admin\.stmcufinder\plugins\mcufinder/ => C:\Users\admin\.stmcufinder\plugins\mcufinder
2026-02-11 21:53:01,681 [INFO] ApiDb:250 - Set database path to: C:\Users\admin\.stmcufinder\plugins\mcufinder//mcu/
2026-02-11 21:53:01,681 [WARN] DbFile:41 - Overriding database path with different value: C:\Users\admin\.stmcufinder\plugins\mcufinder/ => C:\Users\admin\.stmcufinder\plugins\mcufinder
2026-02-11 21:53:01,682 [INFO] DbMcusAds:125 - Set database path to: C:\Users\admin\.stmcufinder\plugins\mcufinder//mcu/
2026-02-11 21:53:01,682 [WARN] DbFile:41 - Overriding database path with different value: C:\Users\admin\.stmcufinder\plugins\mcufinder/ => C:\Users\admin\.stmcufinder\plugins\mcufinder
2026-02-11 21:53:01,682 [WARN] DbFile:41 - Overriding database path with different value: C:\Users\admin\.stmcufinder\plugins\mcufinder/ => C:\Users\admin\.stmcufinder\plugins\mcufinder
2026-02-11 21:53:01,682 [INFO] CrossReferenceDbSqlite:203 - Set database path to: C:\Users\admin\.stmcufinder\plugins\mcufinder//mcu/cs/
2026-02-11 21:53:01,857 [INFO] MainPanel:262 - HeapMemory: 268435456
2026-02-11 21:53:02,095 [INFO] DbMcusXml:78 - Set database path to: D:\STM32CubeIDE_1.13.2\STM32CubeIDE\plugins\com.st.stm32cube.common.mx_6.9.2.202309101412\\db\/mcu/
2026-02-11 21:53:02,095 [INFO] ApiDb:274 - Set plugin database path to: D:\STM32CubeIDE_1.13.2\STM32CubeIDE\plugins\com.st.stm32cube.common.mx_6.9.2.202309101412\\db\/plugins/boardmanager/
2026-02-11 21:53:02,096 [INFO] ApiDb:261 - Set plugin images path to: D:\STM32CubeIDE_1.13.2\STM32CubeIDE\plugins\com.st.stm32cube.common.mx_6.9.2.202309101412\\db\/plugins/mcufinder/images/
2026-02-11 21:53:02,096 [WARN] DbFile:41 - Overriding database path with different value: C:\Users\admin\.stmcufinder\plugins\mcufinder/ => C:\Users\admin\.stmcufinder\plugins\mcufinder
2026-02-11 21:53:02,098 [INFO] ApiDb:250 - Set database path to: C:\Users\admin\.stmcufinder\plugins\mcufinder//mcu/
2026-02-11 21:53:02,098 [WARN] DbFile:41 - Overriding database path with different value: C:\Users\admin\.stmcufinder\plugins\mcufinder/ => C:\Users\admin\.stmcufinder\plugins\mcufinder
2026-02-11 21:53:02,098 [INFO] DbMcusAds:125 - Set database path to: C:\Users\admin\.stmcufinder\plugins\mcufinder//mcu/
2026-02-11 21:53:02,098 [WARN] DbFile:41 - Overriding database path with different value: C:\Users\admin\.stmcufinder\plugins\mcufinder/ => C:\Users\admin\.stmcufinder\plugins\mcufinder
2026-02-11 21:53:02,098 [WARN] DbFile:41 - Overriding database path with different value: C:\Users\admin\.stmcufinder\plugins\mcufinder/ => C:\Users\admin\.stmcufinder\plugins\mcufinder
2026-02-11 21:53:02,099 [INFO] CrossReferenceDbSqlite:203 - Set database path to: C:\Users\admin\.stmcufinder\plugins\mcufinder//mcu/cs/
2026-02-11 21:53:02,142 [INFO] ApplicationProperties:184 - Using Application install path: D:\STM32CubeIDE_1.13.2\STM32CubeIDE\plugins\com.st.stm32cube.common.mx_6.9.2.202309101412
2026-02-11 21:53:02,146 [INFO] PluginManage:196 - Search for loadable plugins [exclusion list=, ]
2026-02-11 21:53:02,148 [INFO] PluginManage:310 - Check plugin analytics
2026-02-11 21:53:02,441 [INFO] AnalyticsPlugin:253 - Accepted Software Licenses: STM32CubeMX.6.16.0
2026-02-11 21:53:02,441 [INFO] AnalyticsPlugin:255 - Accepted CMSIS Pack Licenses: 
2026-02-11 21:53:02,442 [INFO] AnalyticsPlugin:257 - Accepted Firmware Licenses: FW.L4.1.18.0
2026-02-11 21:53:02,445 [INFO] PluginManage:359 - Loaded plugin analytics (category:tool,tabindex:-1)
2026-02-11 21:53:02,446 [INFO] PluginManage:310 - Check plugin cadmodel
2026-02-11 21:53:02,486 [INFO] CADModel:105 - Init CAD model plugin
2026-02-11 21:53:02,486 [INFO] PluginManage:359 - Loaded plugin cadmodel (category:power,tabindex:5)
2026-02-11 21:53:02,486 [INFO] PluginManage:310 - Check plugin clock
2026-02-11 21:53:02,526 [INFO] PluginManage:359 - Loaded plugin clock (category:base,tabindex:2)
2026-02-11 21:53:02,526 [INFO] PluginManage:310 - Check plugin ddr
2026-02-11 21:53:02,531 [INFO] PluginManage:359 - Loaded plugin ddr (category:tool,tabindex:6)
2026-02-11 21:53:02,531 [INFO] PluginManage:310 - Check plugin filemanager
2026-02-11 21:53:02,743 [INFO] PluginManage:359 - Loaded plugin filemanager (category:base,tabindex:10)
2026-02-11 21:53:02,743 [INFO] PluginManage:310 - Check plugin ipmanager
2026-02-11 21:53:02,756 [INFO] PluginManage:359 - Loaded plugin ipmanager (category:base,tabindex:5)
2026-02-11 21:53:02,756 [INFO] PluginManage:310 - Check plugin lpbam
2026-02-11 21:53:02,786 [INFO] PluginManage:359 - Loaded plugin lpbam (category:base,tabindex:0)
2026-02-11 21:53:02,786 [INFO] PluginManage:310 - Check plugin memorymap
2026-02-11 21:53:02,838 [INFO] PluginManage:359 - Loaded plugin memorymap (category:base,tabindex:4)
2026-02-11 21:53:02,838 [INFO] PluginManage:310 - Check plugin pinoutandconfiguration
2026-02-11 21:53:02,865 [INFO] PluginManage:359 - Loaded plugin pinoutandconfiguration (category:base,tabindex:1)
2026-02-11 21:53:02,865 [INFO] PluginManage:310 - Check plugin pinoutconfig
2026-02-11 21:53:03,030 [WARN] SupportedApi:132 - Cannot load RTOS API schema: s4s-elt-must-match.1: The content of 'definitions' must match (annotation?, (simpleType | complexType)?, (unique | key | keyref)*)). A problem was found starting at: attribute.
2026-02-11 21:53:03,238 [INFO] PluginManage:359 - Loaded plugin pinoutconfig (category:base,tabindex:0)
2026-02-11 21:53:03,238 [INFO] PluginManage:310 - Check plugin power
2026-02-11 21:53:03,291 [INFO] PluginManage:359 - Loaded plugin power (category:power,tabindex:4)
2026-02-11 21:53:03,291 [INFO] PluginManage:310 - Check plugin projectmanager
2026-02-11 21:53:03,313 [INFO] PluginManage:359 - Loaded plugin projectmanager (category:projectmanager,tabindex:3)
2026-02-11 21:53:03,314 [INFO] PluginManage:310 - Check plugin thirdparty
2026-02-11 21:53:03,822 [INFO] PluginManage:359 - Loaded plugin thirdparty (category:base,tabindex:-1)
2026-02-11 21:53:03,822 [WARN] IntegrityCheckThread:84 - waiting for thirdparty lock release [integrity check]
2026-02-11 21:53:03,822 [INFO] PluginManage:310 - Check plugin tools
2026-02-11 21:53:03,822 [INFO] IntegrityCheckThread:86 - entering critical section [integrity check]
2026-02-11 21:53:03,823 [INFO] ThirdPartyUpdaterWithRetryManager:70 - Updater plugin not ready yet. [1/15]
2026-02-11 21:53:03,891 [INFO] PluginManage:359 - Loaded plugin tools (category:base,tabindex:7)
2026-02-11 21:53:03,891 [INFO] PluginManage:310 - Check plugin tutovideos
2026-02-11 21:53:04,264 [INFO] PluginManage:359 - Loaded plugin tutovideos (category:base,tabindex:-1)
2026-02-11 21:53:04,265 [INFO] PluginManage:310 - Check plugin updater
2026-02-11 21:53:04,292 [INFO] PluginManage:359 - Loaded plugin updater (category:base,tabindex:12)
2026-02-11 21:53:04,293 [INFO] PluginManage:310 - Check plugin userauth
2026-02-11 21:53:04,304 [INFO] UserAuth:113 - Init User Auth plugin
2026-02-11 21:53:04,304 [INFO] PluginManage:359 - Loaded plugin userauth (category:base,tabindex:14)
2026-02-11 21:53:04,306 [INFO] PluginManage:283 - PluginManage : Loaded plugins [17]
2026-02-11 21:53:04,719 [INFO] PinOutPanel:1499 - setPackage(No Configuration,No Configuration)
2026-02-11 21:53:04,893 [INFO] CADModel:165 - CPN selected for project level
2026-02-11 21:53:04,893 [INFO] CADModel:114 - Register for checkConnection events
2026-02-11 21:53:04,936 [INFO] IPUIPlugin:80 - create IPUIPlugin
2026-02-11 21:53:04,936 [INFO] PluginManager:220 - loadIPPluginJar : add adc
2026-02-11 21:53:04,999 [INFO] IPUIPlugin:80 - create IPUIPlugin
2026-02-11 21:53:04,999 [INFO] PluginManager:220 - loadIPPluginJar : add aes
2026-02-11 21:53:05,088 [INFO] IPUIPlugin:80 - create IPUIPlugin
2026-02-11 21:53:05,089 [INFO] PluginManager:220 - loadIPPluginJar : add can
2026-02-11 21:53:05,140 [INFO] IPUIPlugin:80 - create IPUIPlugin
2026-02-11 21:53:05,140 [INFO] PluginManager:220 - loadIPPluginJar : add comp
2026-02-11 21:53:05,203 [INFO] IPUIPlugin:80 - create IPUIPlugin
2026-02-11 21:53:05,204 [INFO] PluginManager:220 - loadIPPluginJar : add cryp
2026-02-11 21:53:05,256 [INFO] IPUIPlugin:80 - create IPUIPlugin
2026-02-11 21:53:05,256 [INFO] PluginManager:220 - loadIPPluginJar : add dfsdm
2026-02-11 21:53:05,284 [INFO] IPUIPlugin:80 - create IPUIPlugin
2026-02-11 21:53:05,284 [INFO] PluginManager:220 - loadIPPluginJar : add dma
2026-02-11 21:53:05,371 [INFO] IPUIPlugin:80 - create IPUIPlugin
2026-02-11 21:53:05,371 [INFO] PluginManager:220 - loadIPPluginJar : add dma3
2026-02-11 21:53:05,411 [INFO] IPUIPlugin:80 - create IPUIPlugin
2026-02-11 21:53:05,411 [INFO] PluginManager:220 - loadIPPluginJar : add fatfs
2026-02-11 21:53:05,490 [INFO] IPUIPlugin:80 - create IPUIPlugin
2026-02-11 21:53:05,491 [INFO] PluginManager:220 - loadIPPluginJar : add fmc
2026-02-11 21:53:05,516 [INFO] IPUIPlugin:80 - create IPUIPlugin
2026-02-11 21:53:05,516 [INFO] PluginManager:220 - loadIPPluginJar : add freertos
2026-02-11 21:53:05,555 [INFO] IPUIPlugin:80 - create IPUIPlugin
2026-02-11 21:53:05,555 [INFO] PluginManager:220 - loadIPPluginJar : add genericplugin
2026-02-11 21:53:05,733 [INFO] IPUIPlugin:80 - create IPUIPlugin
2026-02-11 21:53:05,733 [INFO] PluginManager:220 - loadIPPluginJar : add gfxmmu
2026-02-11 21:53:05,971 [INFO] IPUIPlugin:80 - create IPUIPlugin
2026-02-11 21:53:05,971 [INFO] PluginManager:220 - loadIPPluginJar : add gic
2026-02-11 21:53:05,995 [INFO] IPUIPlugin:80 - create IPUIPlugin
2026-02-11 21:53:05,995 [INFO] PluginManager:220 - loadIPPluginJar : add gpio
2026-02-11 21:53:06,149 [INFO] IPUIPlugin:80 - create IPUIPlugin
2026-02-11 21:53:06,149 [INFO] PluginManager:220 - loadIPPluginJar : add gtzc
2026-02-11 21:53:06,205 [INFO] IPUIPlugin:80 - create IPUIPlugin
2026-02-11 21:53:06,205 [INFO] PluginManager:220 - loadIPPluginJar : add hash
2026-02-11 21:53:06,296 [INFO] IPUIPlugin:80 - create IPUIPlugin
2026-02-11 21:53:06,298 [INFO] PluginManager:220 - loadIPPluginJar : add i2c
2026-02-11 21:53:06,368 [INFO] IPUIPlugin:80 - create IPUIPlugin
2026-02-11 21:53:06,368 [INFO] PluginManager:220 - loadIPPluginJar : add i2s
2026-02-11 21:53:06,441 [INFO] IPUIPlugin:80 - create IPUIPlugin
2026-02-11 21:53:06,441 [INFO] PluginManager:220 - loadIPPluginJar : add i3c
2026-02-11 21:53:06,612 [INFO] IPUIPlugin:80 - create IPUIPlugin
2026-02-11 21:53:06,612 [INFO] PluginManager:220 - loadIPPluginJar : add ipddr
2026-02-11 21:53:06,786 [INFO] IPUIPlugin:80 - create IPUIPlugin
2026-02-11 21:53:06,786 [INFO] PluginManager:220 - loadIPPluginJar : add linkedlist
2026-02-11 21:53:06,830 [INFO] ThirdPartyUpdaterWithRetryManager:70 - Updater plugin not ready yet. [2/15]
2026-02-11 21:53:06,847 [INFO] IPUIPlugin:80 - create IPUIPlugin
2026-02-11 21:53:06,848 [INFO] PluginManager:220 - loadIPPluginJar : add lorawan
2026-02-11 21:53:06,920 [INFO] IPUIPlugin:80 - create IPUIPlugin
2026-02-11 21:53:06,920 [INFO] PluginManager:220 - loadIPPluginJar : add ltdc
2026-02-11 21:53:06,949 [INFO] IPUIPlugin:80 - create IPUIPlugin
2026-02-11 21:53:06,950 [INFO] PluginManager:220 - loadIPPluginJar : add mdma
2026-02-11 21:53:06,976 [INFO] IPUIPlugin:80 - create IPUIPlugin
2026-02-11 21:53:06,976 [INFO] PluginManager:220 - loadIPPluginJar : add nvic
2026-02-11 21:53:07,058 [INFO] IPUIPlugin:80 - create IPUIPlugin
2026-02-11 21:53:07,059 [INFO] PluginManager:220 - loadIPPluginJar : add opamp
2026-02-11 21:53:07,185 [INFO] IPUIPlugin:80 - create IPUIPlugin
2026-02-11 21:53:07,186 [INFO] PluginManager:220 - loadIPPluginJar : add openamp
2026-02-11 21:53:07,262 [INFO] IPUIPlugin:80 - create IPUIPlugin
2026-02-11 21:53:07,262 [INFO] PluginManager:220 - loadIPPluginJar : add pdm2pcm
2026-02-11 21:53:07,289 [INFO] IPUIPlugin:80 - create IPUIPlugin
2026-02-11 21:53:07,292 [INFO] PluginManager:220 - loadIPPluginJar : add plateformsettings
2026-02-11 21:53:07,345 [INFO] IPUIPlugin:80 - create IPUIPlugin
2026-02-11 21:53:07,345 [INFO] PluginManager:220 - loadIPPluginJar : add quadspi
2026-02-11 21:53:07,371 [INFO] IPUIPlugin:80 - create IPUIPlugin
2026-02-11 21:53:07,371 [INFO] PluginManager:220 - loadIPPluginJar : add resmgrutility
2026-02-11 21:53:07,457 [INFO] IPUIPlugin:80 - create IPUIPlugin
2026-02-11 21:53:07,458 [INFO] PluginManager:220 - loadIPPluginJar : add sai
2026-02-11 21:53:07,521 [INFO] IPUIPlugin:80 - create IPUIPlugin
2026-02-11 21:53:07,521 [INFO] PluginManager:220 - loadIPPluginJar : add spi
2026-02-11 21:53:07,611 [INFO] IPUIPlugin:80 - create IPUIPlugin
2026-02-11 21:53:07,611 [INFO] PluginManager:220 - loadIPPluginJar : add stm32_wpan
2026-02-11 21:53:07,658 [INFO] IPUIPlugin:80 - create IPUIPlugin
2026-02-11 21:53:07,658 [INFO] PluginManager:220 - loadIPPluginJar : add tim
2026-02-11 21:53:07,749 [INFO] IPUIPlugin:80 - create IPUIPlugin
2026-02-11 21:53:07,749 [INFO] PluginManager:220 - loadIPPluginJar : add touchsensing
2026-02-11 21:53:07,789 [INFO] IPUIPlugin:80 - create IPUIPlugin
2026-02-11 21:53:07,789 [INFO] PluginManager:220 - loadIPPluginJar : add tracer_emb
2026-02-11 21:53:07,843 [INFO] IPUIPlugin:80 - create IPUIPlugin
2026-02-11 21:53:07,843 [INFO] PluginManager:220 - loadIPPluginJar : add ts
2026-02-11 21:53:07,887 [INFO] IPUIPlugin:80 - create IPUIPlugin
2026-02-11 21:53:07,887 [INFO] PluginManager:220 - loadIPPluginJar : add tsc
2026-02-11 21:53:07,928 [INFO] IPUIPlugin:80 - create IPUIPlugin
2026-02-11 21:53:07,929 [INFO] PluginManager:220 - loadIPPluginJar : add ucpd
2026-02-11 21:53:08,004 [INFO] IPUIPlugin:80 - create IPUIPlugin
2026-02-11 21:53:08,004 [INFO] PluginManager:220 - loadIPPluginJar : add usart
2026-02-11 21:53:08,076 [INFO] IPUIPlugin:80 - create IPUIPlugin
2026-02-11 21:53:08,076 [INFO] PluginManager:220 - loadIPPluginJar : add usbx
2026-02-11 21:53:08,221 [INFO] CADModel:165 - CPN selected for project level
2026-02-11 21:53:08,222 [INFO] CADModel:114 - Register for checkConnection events
2026-02-11 21:53:08,223 [FATAL] Updater:308 - Updater called before beeing initialized
2026-02-11 21:53:08,223 [ERROR] CADModel:125 - Updater not yet initialized, retry later 
2026-02-11 21:53:08,448 [INFO] CADModel:165 - CPN selected for project level
2026-02-11 21:53:08,449 [INFO] CADModel:114 - Register for checkConnection events
2026-02-11 21:53:08,449 [FATAL] Updater:308 - Updater called before beeing initialized
2026-02-11 21:53:08,449 [ERROR] CADModel:125 - Updater not yet initialized, retry later 
2026-02-11 21:53:08,458 [FATAL] Updater:308 - Updater called before beeing initialized
2026-02-11 21:53:08,623 [FATAL] Updater:308 - Updater called before beeing initialized
2026-02-11 21:53:08,645 [INFO] DbMcusAds:53 - JSON generation date=Thu Jan 08 16:57:51 CET 2026 (1767887871456)
2026-02-11 21:53:08,646 [FATAL] Updater:308 - Updater called before beeing initialized
2026-02-11 21:53:08,804 [WARN] DetailPanel:346 - Failed to get advertising image, set to default
2026-02-11 21:53:08,921 [FATAL] Updater:308 - Updater called before beeing initialized
2026-02-11 21:53:08,924 [FATAL] Updater:308 - Updater called before beeing initialized
2026-02-11 21:53:08,924 [FATAL] Updater:308 - Updater called before beeing initialized
2026-02-11 21:53:08,924 [WARN] DetailPanel:346 - Failed to get advertising image, set to default
2026-02-11 21:53:08,925 [FATAL] Updater:308 - Updater called before beeing initialized
2026-02-11 21:53:09,003 [ERROR] Updater:1120 - MainUpdater not yet initialized. External WinMGr cannot be set.
2026-02-11 21:53:09,020 [INFO] Updater:1056 - Updater Version found : 6.9.2
2026-02-11 21:53:09,044 [INFO] ApplicationProperties:184 - Using Application install path: D:\STM32CubeIDE_1.13.2\STM32CubeIDE\plugins\com.st.stm32cube.common.mx_6.9.2.202309101412
2026-02-11 21:53:09,351 [INFO] MainUpdater:2868 - connection check result : 10
2026-02-11 21:53:09,352 [INFO] MainUpdater:3562 - Updater definition file requires update
2026-02-11 21:53:09,353 [INFO] MainUpdater:285 - Updater Check For Update Now.
2026-02-11 21:53:09,353 [INFO] MicroXplorer:498 - Change Database Version : DB.6.0.92
2026-02-11 21:53:09,385 [INFO] McuFinderGlobals:63 - Set McuFinder mode to 2 (CubeIDE integrated)
2026-02-11 21:53:09,449 [INFO] ServerAccessManage:473 - Download File updaters.zip
2026-02-11 21:53:09,612 [INFO] FileExtend:240 - Unzip File : updaters.zip
2026-02-11 21:53:09,614 [INFO] FileExtend:255 - Standard Zip Deflate
2026-02-11 21:53:09,838 [WARN] MainUpdater:1189 - Updater busy. Cannot search thirdparties
2026-02-11 21:53:09,838 [INFO] ThirdPartyUpdaterWithRetryManager:96 - Updater plugin is busy. [1/15]
2026-02-11 21:53:10,519 [INFO] ServerAccessManage:473 - Download File PacksControlFlags.xml
2026-02-11 21:53:10,736 [INFO] ServerAccessManage:473 - Download File cubemx.pidx
2026-02-11 21:53:11,067 [INFO] LoadServerUpdatesThread:373 - End of LoadServerUpdate Thread
2026-02-11 21:53:11,416 [INFO] CheckServerUpdateThread:120 - End of CheckServer Thread
2026-02-11 21:53:13,268 [WARN] PackLoader:240 - Cannot read IP mode file for STMicroelectronics.FP-SNS-MOTENVWB1.1.4.0
2026-02-11 21:53:13,300 [WARN] PackLoader:240 - Cannot read IP mode file for STMicroelectronics.FP-ATR-ASTRA1.2.0.2
2026-02-11 21:53:13,323 [WARN] PackLoader:240 - Cannot read IP mode file for STMicroelectronics.FP-ATR-ASTRA1.2.0.1
2026-02-11 21:53:13,351 [WARN] PackLoader:240 - Cannot read IP mode file for STMicroelectronics.X-CUBE-SMBUS.2.1.0
2026-02-11 21:53:13,377 [WARN] PackLoader:240 - Cannot read IP mode file for STMicroelectronics.X-CUBE-WB05N.1.1.0
2026-02-11 21:53:13,397 [ERROR] Engine:466 - C:\Users\admin\.stm32cubemx\thirdparties\pdsc\STMicroelectronics.X-CUBE-ST60.1.0.0.pdsc: PDSC version is not supported
2026-02-11 21:53:13,420 [WARN] PackLoader:240 - Cannot read IP mode file for STMicroelectronics.X-CUBE-TOUCHGFX.4.23.1
2026-02-11 21:53:13,441 [WARN] PackLoader:240 - Cannot read IP mode file for STMicroelectronics.X-CUBE-TOUCHGFX.4.23.0
2026-02-11 21:53:13,459 [WARN] PackLoader:240 - Cannot read IP mode file for STMicroelectronics.X-CUBE-TOUCHGFX.4.23.2
2026-02-11 21:53:13,520 [WARN] PackLoader:240 - Cannot read IP mode file for STMicroelectronics.X-CUBE-AZRTOS-F7.1.1.0
2026-02-11 21:53:13,552 [WARN] PackLoader:240 - Cannot read IP mode file for STMicroelectronics.FP-SNS-MOTENV1.4.3.2
2026-02-11 21:53:13,574 [ERROR] Engine:466 - C:\Users\admin\.stm32cubemx\thirdparties\pdsc\STMicroelectronics.FP-SNS-MOTENV1.5.1.0.pdsc: PDSC version is not supported
2026-02-11 21:53:13,594 [WARN] PackLoader:240 - Cannot read IP mode file for STMicroelectronics.FP-SNS-FLIGHT1.5.0.2
2026-02-11 21:53:13,658 [WARN] PackLoader:240 - Cannot read IP mode file for STMicroelectronics.X-CUBE-AZRTOS-H7.3.4.0
2026-02-11 21:53:13,690 [WARN] PackLoader:240 - Cannot read IP mode file for STMicroelectronics.X-CUBE-DISPLAY.3.0.0
2026-02-11 21:53:13,716 [WARN] PackLoader:240 - Cannot read IP mode file for STMicroelectronics.X-CUBE-BLE1.7.0.0
2026-02-11 21:53:13,738 [WARN] PackLoader:240 - Cannot read IP mode file for STMicroelectronics.X-CUBE-NFC10.1.0.0
2026-02-11 21:53:13,760 [ERROR] Engine:466 - C:\Users\admin\.stm32cubemx\thirdparties\pdsc\STMicroelectronics.X-CUBE-BLEMGR.4.0.0.pdsc: PDSC version is not supported
2026-02-11 21:53:13,777 [ERROR] Engine:466 - C:\Users\admin\.stm32cubemx\thirdparties\pdsc\STMicroelectronics.X-CUBE-ST60.1.1.0.pdsc: PDSC version is not supported
2026-02-11 21:53:13,797 [WARN] PackLoader:240 - Cannot read IP mode file for emotas.I-CUBE-CANOPEN.1.3.0
2026-02-11 21:53:13,819 [WARN] PackLoader:240 - Cannot read IP mode file for STMicroelectronics.X-CUBE-GNSS1.7.1.0
2026-02-11 21:53:13,842 [WARN] PackLoader:240 - Cannot read IP mode file for STMicroelectronics.X-CUBE-TOUCHGFX.4.22.1
2026-02-11 21:53:13,874 [WARN] PackLoader:240 - Cannot read IP mode file for STMicroelectronics.X-CUBE-BLEMGR.3.1.0
2026-02-11 21:53:13,898 [WARN] PackLoader:240 - Cannot read IP mode file for STMicroelectronics.X-CUBE-AI.10.0.0
2026-02-11 21:53:13,920 [ERROR] Engine:466 - C:\Users\admin\.stm32cubemx\thirdparties\pdsc\STMicroelectronics.FP-SNS-STBOX1.2.1.0.pdsc: PDSC version is not supported
2026-02-11 21:53:13,941 [WARN] PackLoader:240 - Cannot read IP mode file for STMicroelectronics.FP-SNS-SMARTAG2.1.2.0
2026-02-11 21:53:13,959 [ERROR] Engine:466 - C:\Users\admin\.stm32cubemx\thirdparties\pdsc\STMicroelectronics.FP-SNS-FLIGHT1.5.1.0.pdsc: PDSC version is not supported
2026-02-11 21:53:14,074 [WARN] PackLoader:240 - Cannot read IP mode file for STMicroelectronics.X-CUBE-MEMS1.11.1.0
2026-02-11 21:53:14,401 [INFO] LogOutputStream:77 - [STDOUT_REDIRECT] 1 : Invalid condition id : UX_CORESTACK_Condition cause : null
2026-02-11 21:53:14,402 [INFO] LogOutputStream:77 - [STDOUT_REDIRECT] 1 : Invalid condition id : UX_CORESTACK_Condition cause : null
2026-02-11 21:53:14,404 [INFO] LogOutputStream:77 - [STDOUT_REDIRECT] 1 : Invalid condition id : UX_CORESTACK_Condition cause : null
2026-02-11 21:53:14,406 [INFO] LogOutputStream:77 - [STDOUT_REDIRECT] 1 : Invalid condition id : UX_CORESTACK_Condition cause : null
2026-02-11 21:53:14,408 [INFO] LogOutputStream:77 - [STDOUT_REDIRECT] 1 : Invalid condition id : UX_CORESTACK_Condition cause : null
2026-02-11 21:53:14,414 [WARN] PackLoader:240 - Cannot read IP mode file for STMicroelectronics.X-CUBE-AZRTOS-WL.2.0.0
2026-02-11 21:53:14,442 [WARN] PackLoader:240 - Cannot read IP mode file for STMicroelectronics.FP-SNS-MOTENV1.5.0.0
2026-02-11 21:53:14,503 [WARN] PackLoader:240 - Cannot read IP mode file for STMicroelectronics.X-CUBE-AZRTOS-H7RS.1.2.0
2026-02-11 21:53:14,532 [WARN] PackLoader:240 - Cannot read IP mode file for wolfSSL.I-CUBE-wolfMQTT.1.19.0
2026-02-11 21:53:14,562 [WARN] PackLoader:240 - Cannot read IP mode file for WES.I-CUBE-Cesium.1.3.0
2026-02-11 21:53:14,589 [WARN] PackLoader:240 - Cannot read IP mode file for STMicroelectronics.X-CUBE-BLE2.3.3.0
2026-02-11 21:53:14,612 [ERROR] Engine:466 - C:\Users\admin\.stm32cubemx\thirdparties\pdsc\Avnet-IOTCONNECT.X-CUBE-iotc-st67-sdk.1.0.0.pdsc: PDSC version is not supported
2026-02-11 21:53:14,639 [WARN] PackLoader:240 - Cannot read IP mode file for STMicroelectronics.X-CUBE-NFC9.1.0.0
2026-02-11 21:53:14,666 [WARN] PackLoader:240 - Cannot read IP mode file for STMicroelectronics.X-CUBE-BLE1.7.1.0
2026-02-11 21:53:14,694 [WARN] PackLoader:240 - Cannot read IP mode file for STMicroelectronics.X-CUBE-TCPP.4.1.0
2026-02-11 21:53:14,725 [ERROR] Engine:466 - C:\Users\admin\.stm32cubemx\thirdparties\pdsc\STMicroelectronics.X-CUBE-FREERTOS.1.4.0.pdsc: PDSC version is not supported
2026-02-11 21:53:14,752 [WARN] PackLoader:240 - Cannot read IP mode file for STMicroelectronics.X-CUBE-EEPRMA1.5.2.0
2026-02-11 21:53:14,778 [ERROR] Engine:466 - C:\Users\admin\.stm32cubemx\thirdparties\pdsc\STMicroelectronics.X-CUBE-ST67W61.1.1.0.pdsc: PDSC version is not supported
2026-02-11 21:53:14,802 [WARN] PackLoader:240 - Cannot read IP mode file for STMicroelectronics.X-CUBE-AI.10.1.0
2026-02-11 21:53:14,923 [WARN] PackLoader:240 - Cannot read IP mode file for STMicroelectronics.X-CUBE-MEMS1.12.0.0
2026-02-11 21:53:15,061 [WARN] PackLoader:240 - Cannot read IP mode file for STMicroelectronics.X-CUBE-ALGOBUILD.1.3.0
2026-02-11 21:53:15,153 [WARN] PackLoader:240 - Cannot read IP mode file for STMicroelectronics.X-CUBE-MEMS1.11.2.0
2026-02-11 21:53:15,385 [WARN] PackLoader:240 - Cannot read IP mode file for STMicroelectronics.X-CUBE-AZRTOS-G0.1.1.0
2026-02-11 21:53:15,412 [WARN] PackLoader:240 - Cannot read IP mode file for STMicroelectronics.X-CUBE-SAFEA1.1.2.2
2026-02-11 21:53:15,443 [WARN] PackLoader:240 - Cannot read IP mode file for STMicroelectronics.X-CUBE-NFC4.3.0.0
2026-02-11 21:53:15,464 [ERROR] Engine:466 - C:\Users\admin\.stm32cubemx\thirdparties\pdsc\EmbeddedOffice.I-CUBE-FS-RTOS.1.0.1.pdsc: PDSC version is not supported
2026-02-11 21:53:15,489 [WARN] PackLoader:240 - Cannot read IP mode file for STMicroelectronics.X-CUBE-WB05N.2.0.0
2026-02-11 21:53:15,515 [WARN] PackLoader:240 - Cannot read IP mode file for STMicroelectronics.X-CUBE-BLEMGR.3.0.0
2026-02-11 21:53:15,538 [ERROR] Engine:466 - C:\Users\admin\.stm32cubemx\thirdparties\pdsc\STMicroelectronics.X-CUBE-TCPP.4.2.0.pdsc: PDSC version is not supported
2026-02-11 21:53:15,557 [ERROR] Engine:466 - C:\Users\admin\.stm32cubemx\thirdparties\pdsc\RealThread.X-CUBE-RT-Thread_Nano.4.1.1.pdsc: PDSC version is not supported
2026-02-11 21:53:15,580 [WARN] PackLoader:240 - Cannot read IP mode file for STMicroelectronics.FP-ATR-SIGFOX1.3.2.0
2026-02-11 21:53:15,598 [ERROR] Engine:466 - C:\Users\admin\.stm32cubemx\thirdparties\pdsc\quantropi.X-CUBE-qispace-sdk-base.1.9.3.pdsc: PDSC version is not supported
2026-02-11 21:53:15,623 [WARN] PackLoader:240 - Cannot read IP mode file for STMicroelectronics.X-CUBE-EEPRMA1.5.1.0
2026-02-11 21:53:15,652 [WARN] PackLoader:240 - Cannot read IP mode file for STMicroelectronics.X-CUBE-NFC6.3.2.0
2026-02-11 21:53:15,676 [ERROR] Engine:466 - C:\Users\admin\.stm32cubemx\thirdparties\pdsc\STMicroelectronics.X-CUBE-ST67W61.1.0.0.pdsc: PDSC version is not supported
2026-02-11 21:53:15,695 [WARN] PackLoader:240 - Cannot read IP mode file for STMicroelectronics.X-CUBE-AI.10.2.0
2026-02-11 21:53:15,747 [WARN] PackLoader:240 - Cannot read IP mode file for SEGGER.I-CUBE-embOS.1.3.1
2026-02-11 21:53:15,823 [WARN] PackLoader:240 - Cannot read IP mode file for STMicroelectronics.X-CUBE-ALGOBUILD.1.4.0
2026-02-11 21:53:15,913 [WARN] PackLoader:240 - Cannot read IP mode file for STMicroelectronics.X-CUBE-MEMS1.11.3.0
2026-02-11 21:53:16,131 [WARN] PackLoader:240 - Cannot read IP mode file for STMicroelectronics.X-CUBE-AI.9.1.0
2026-02-11 21:53:16,160 [WARN] PackLoader:240 - Cannot read IP mode file for STMicroelectronics.X-CUBE-PM33A1.1.0.0
2026-02-11 21:53:16,191 [WARN] PackLoader:240 - Cannot read IP mode file for STMicroelectronics.X-CUBE-GNSS1.6.0.0
2026-02-11 21:53:16,246 [WARN] PackLoader:240 - Cannot read IP mode file for STMicroelectronics.X-CUBE-AZRTOS-F4.1.1.0
2026-02-11 21:53:16,276 [WARN] PackLoader:240 - Cannot read IP mode file for wolfSSL.I-CUBE-wolfSSL.5.6.3
2026-02-11 21:53:16,298 [ERROR] Engine:466 - C:\Users\admin\.stm32cubemx\thirdparties\pdsc\Avnet-IotConnect.X-CUBE-IoTC-DA16k-PMOD.1.0.0.pdsc: PDSC version is not supported
2026-02-11 21:53:16,326 [WARN] PackLoader:240 - Cannot read IP mode file for STMicroelectronics.X-CUBE-ISPU.2.1.0
2026-02-11 21:53:16,359 [ERROR] Engine:466 - C:\Users\admin\.stm32cubemx\thirdparties\pdsc\STMicroelectronics.X-CUBE-IPS.3.2.0.pdsc: PDSC version is not supported
2026-02-11 21:53:16,387 [WARN] PackLoader:240 - Cannot read IP mode file for STMicroelectronics.X-CUBE-FREERTOS.1.2.0
2026-02-11 21:53:16,421 [WARN] PackLoader:240 - Cannot read IP mode file for STMicroelectronics.X-CUBE-NFC12.1.0.0
2026-02-11 21:53:16,470 [WARN] PackLoader:240 - Cannot read IP mode file for STMicroelectronics.X-CUBE-AZRTOS-L5.2.0.0
2026-02-11 21:53:16,504 [WARN] PackLoader:240 - Cannot read IP mode file for STMicroelectronics.X-CUBE-EEPRMA1.4.2.0
2026-02-11 21:53:16,538 [WARN] PackLoader:240 - Cannot read IP mode file for STMicroelectronics.X-CUBE-NFC6.3.1.0
2026-02-11 21:53:16,568 [WARN] PackLoader:240 - Cannot read IP mode file for ITTIA_DB.I-CUBE-ITTIADB.8.8.0
2026-02-11 21:53:16,595 [WARN] PackLoader:240 - Cannot read IP mode file for STMicroelectronics.X-CUBE-BLEMGR.2.0.0
2026-02-11 21:53:16,622 [ERROR] Engine:466 - C:\Users\admin\.stm32cubemx\thirdparties\pdsc\STMicroelectronics.X-CUBE-DPower.1.2.0.pdsc: PDSC version is not supported
2026-02-11 21:53:16,648 [WARN] PackLoader:240 - Cannot read IP mode file for STMicroelectronics.X-CUBE-AI.9.0.0
2026-02-11 21:53:16,693 [WARN] ConditionMgr:438 - getConditionDescription Invalid condition id : UX DEVICE CLASS RTOS Condition cause : null
2026-02-11 21:53:16,694 [WARN] ConditionMgr:438 - getConditionDescription Invalid condition id : UX DEVICE CLASS RTOS Condition cause : null
2026-02-11 21:53:16,698 [WARN] PackLoader:240 - Cannot read IP mode file for STMicroelectronics.X-CUBE-AZRTOS-H7.3.1.0
2026-02-11 21:53:16,701 [WARN] ConditionMgr:1039 - genDependencies : Invalid condition id : UX DEVICE CLASS RTOS Condition cause : null
2026-02-11 21:53:16,702 [WARN] ConditionMgr:1039 - genDependencies : Invalid condition id : UX DEVICE CLASS RTOS Condition cause : null
2026-02-11 21:53:16,703 [WARN] ConditionMgr:1039 - genDependencies : Invalid condition id : UX DEVICE CLASS RTOS Condition cause : null
2026-02-11 21:53:16,704 [WARN] ConditionMgr:1039 - genDependencies : Invalid condition id : UX DEVICE CLASS RTOS Condition cause : null
2026-02-11 21:53:16,704 [WARN] ConditionMgr:1039 - genDependencies : Invalid condition id : UX DEVICE CLASS RTOS Condition cause : null
2026-02-11 21:53:16,732 [WARN] PackLoader:240 - Cannot read IP mode file for STMicroelectronics.X-CUBE-FREERTOS.1.3.1
2026-02-11 21:53:16,756 [WARN] PackLoader:240 - Cannot read IP mode file for STMicroelectronics.X-CUBE-FREERTOS.1.3.0
2026-02-11 21:53:16,781 [WARN] PackLoader:240 - Cannot read IP mode file for STMicroelectronics.X-CUBE-NFC7.1.0.1
2026-02-11 21:53:16,810 [WARN] PackLoader:240 - Cannot read IP mode file for wolfSSL.I-CUBE-wolfTPM.3.2.0
2026-02-11 21:53:16,837 [WARN] PackLoader:240 - Cannot read IP mode file for STMicroelectronics.X-CUBE-TOUCHGFX.4.26.0
2026-02-11 21:53:16,868 [WARN] PackLoader:240 - Cannot read IP mode file for STMicroelectronics.X-CUBE-NFC6.3.0.0
2026-02-11 21:53:16,896 [ERROR] Engine:466 - C:\Users\admin\.stm32cubemx\thirdparties\pdsc\STMicroelectronics.FP-SNS-STAIOTCFT.1.0.0.pdsc: PDSC version is not supported
2026-02-11 21:53:16,923 [ERROR] Engine:466 - C:\Users\admin\.stm32cubemx\thirdparties\pdsc\STMicroelectronics.X-CUBE-DPower.1.3.0.pdsc: PDSC version is not supported
2026-02-11 21:53:16,945 [WARN] PackLoader:240 - Cannot read IP mode file for STMicroelectronics.X-CUBE-AI.8.1.0
2026-02-11 21:53:16,994 [WARN] ConditionMgr:438 - getConditionDescription Invalid condition id : LAN8742 Phy interface Condition cause : null
2026-02-11 21:53:16,994 [WARN] PackLoader:240 - Cannot read IP mode file for STMicroelectronics.X-CUBE-AZRTOS-L4.2.0.0
2026-02-11 21:53:16,996 [WARN] ConditionMgr:1039 - genDependencies : Invalid condition id : LAN8742 Phy interface Condition cause : null
2026-02-11 21:53:16,996 [WARN] ConditionMgr:1039 - genDependencies : Invalid condition id : LAN8742 Phy interface Condition cause : null
2026-02-11 21:53:16,997 [WARN] ConditionMgr:1039 - genDependencies : Invalid condition id : LAN8742 Phy interface Condition cause : null
2026-02-11 21:53:17,033 [WARN] PackLoader:240 - Cannot read IP mode file for STMicroelectronics.X-CUBE-SFXS2LP1.4.0.0
2026-02-11 21:53:17,063 [ERROR] Engine:466 - C:\Users\admin\.stm32cubemx\thirdparties\pdsc\STMicroelectronics.X-CUBE-ST67W61.1.2.0.pdsc: PDSC version is not supported
2026-02-11 21:53:17,092 [WARN] PackLoader:240 - Cannot read IP mode file for STMicroelectronics.X-CUBE-ISPU.1.1.0
2026-02-11 21:53:17,154 [WARN] PackLoader:240 - Cannot read IP mode file for STMicroelectronics.X-CUBE-AZRTOS-H7.3.3.0
2026-02-11 21:53:17,192 [ERROR] Engine:466 - C:\Users\admin\.stm32cubemx\thirdparties\pdsc\STMicroelectronics.X-CUBE-BLEMGR.4.1.0.pdsc: PDSC version is not supported
2026-02-11 21:53:17,226 [ERROR] Engine:466 - C:\Users\admin\.stm32cubemx\thirdparties\pdsc\STMicroelectronics.X-CUBE-IPS.3.0.0.pdsc: PDSC version is not supported
2026-02-11 21:53:17,274 [WARN] ConditionMgr:438 - getConditionDescription Invalid condition id : UX DEVICE CLASS RTOS Condition cause : null
2026-02-11 21:53:17,275 [WARN] ConditionMgr:438 - getConditionDescription Invalid condition id : UX DEVICE CLASS RTOS Condition cause : null
2026-02-11 21:53:17,278 [WARN] PackLoader:240 - Cannot read IP mode file for STMicroelectronics.X-CUBE-AZRTOS-WB.2.0.0
2026-02-11 21:53:17,278 [WARN] ConditionMgr:1039 - genDependencies : Invalid condition id : UX DEVICE CLASS RTOS Condition cause : null
2026-02-11 21:53:17,279 [WARN] ConditionMgr:1039 - genDependencies : Invalid condition id : UX DEVICE CLASS RTOS Condition cause : null
2026-02-11 21:53:17,279 [WARN] ConditionMgr:1039 - genDependencies : Invalid condition id : UX DEVICE CLASS RTOS Condition cause : null
2026-02-11 21:53:17,280 [WARN] ConditionMgr:1039 - genDependencies : Invalid condition id : UX DEVICE CLASS RTOS Condition cause : null
2026-02-11 21:53:17,280 [WARN] ConditionMgr:1039 - genDependencies : Invalid condition id : UX DEVICE CLASS RTOS Condition cause : null
2026-02-11 21:53:17,312 [WARN] PackLoader:240 - Cannot read IP mode file for STMicroelectronics.X-CUBE-GNSS1.7.0.1
2026-02-11 21:53:17,343 [WARN] PackLoader:240 - Cannot read IP mode file for STMicroelectronics.X-CUBE-TOUCHGFX.4.25.0
2026-02-11 21:53:17,366 [ERROR] Engine:466 - C:\Users\admin\.stm32cubemx\thirdparties\pdsc\STMicroelectronics.FP-SNS-STBOX1.2.0.0.pdsc: PDSC version is not supported
2026-02-11 21:53:17,393 [WARN] PackLoader:240 - Cannot read IP mode file for STMicroelectronics.X-CUBE-STSE01.2.0.0
2026-02-11 21:53:17,430 [WARN] PackLoader:240 - Cannot read IP mode file for STMicroelectronics.X-CUBE-SUBG2.5.0.0
2026-02-11 21:53:17,485 [WARN] PackLoader:240 - Cannot read IP mode file for STMicroelectronics.X-CUBE-AZRTOS-H7RS.1.1.0
2026-02-11 21:53:17,508 [WARN] PackLoader:240 - Cannot read IP mode file for Cesanta.I-CUBE-Mongoose.7.13.0
2026-02-11 21:53:17,532 [WARN] PackLoader:240 - Cannot read IP mode file for STMicroelectronics.X-CUBE-TOF1.3.3.1
2026-02-11 21:53:17,571 [WARN] PackLoader:240 - Cannot read IP mode file for STMicroelectronics.X-CUBE-AZRTOS-G4.2.0.0
2026-02-11 21:53:17,611 [WARN] PackLoader:240 - Cannot read IP mode file for Infineon.AIROC-Wi-Fi-Bluetooth-STM32.1.5.1
2026-02-11 21:53:17,633 [WARN] PackLoader:240 - Cannot read IP mode file for STMicroelectronics.X-CUBE-NFC7.2.0.0
2026-02-11 21:53:17,652 [WARN] PackLoader:240 - Cannot read IP mode file for STMicroelectronics.FP-SNS-MOTENVWB1.1.3.1
2026-02-11 21:53:17,670 [WARN] PackLoader:240 - Cannot read IP mode file for STMicroelectronics.X-CUBE-ISPU.2.0.0
2026-02-11 21:53:17,694 [ERROR] Engine:466 - C:\Users\admin\.stm32cubemx\thirdparties\pdsc\STMicroelectronics.X-CUBE-IPS.3.1.0.pdsc: PDSC version is not supported
2026-02-11 21:53:17,716 [WARN] PackLoader:240 - Cannot read IP mode file for STMicroelectronics.X-CUBE-ALS.1.0.2
2026-02-11 21:53:17,775 [WARN] PackLoader:240 - Cannot read IP mode file for STMicroelectronics.X-CUBE-MEMS1.10.0.0
2026-02-11 21:53:18,279 [WARN] PackLoader:240 - Cannot read IP mode file for STMicroelectronics.X-CUBE-FREERTOS.1.1.0
2026-02-11 21:53:18,306 [WARN] PackLoader:240 - Cannot read IP mode file for STMicroelectronics.X-CUBE-TOUCHGFX.4.24.0
2026-02-11 21:53:18,331 [WARN] PackLoader:240 - Cannot read IP mode file for STMicroelectronics.X-CUBE-TOUCHGFX.4.24.2
2026-02-11 21:53:18,352 [WARN] PackLoader:240 - Cannot read IP mode file for STMicroelectronics.X-CUBE-TOUCHGFX.4.24.1
2026-02-11 21:53:18,387 [WARN] PackLoader:240 - Cannot read IP mode file for STMicroelectronics.X-CUBE-STSE01.1.0.0
2026-02-11 21:53:18,420 [WARN] PackLoader:240 - Cannot read IP mode file for portGmbH.I-Cube-SoM-uGOAL.1.1.0
2026-02-11 21:53:18,440 [WARN] PackLoader:240 - Cannot read IP mode file for STMicroelectronics.X-CUBE-ALS.1.0.1
2026-02-11 21:53:18,489 [WARN] PackLoader:240 - Cannot read IP mode file for STMicroelectronics.X-CUBE-AZRTOS-H7RS.1.0.0
2026-02-11 21:53:18,518 [WARN] PackLoader:240 - Cannot read IP mode file for STMicroelectronics.FP-ATR-ASTRA1.2.0.0
2026-02-11 21:53:18,548 [ERROR] Engine:466 - C:\Users\admin\.stm32cubemx\thirdparties\pdsc\STMicroelectronics.X-CUBE-TOF1.3.4.2.pdsc: PDSC version is not supported
2026-02-11 21:53:18,579 [ERROR] Engine:466 - C:\Users\admin\.stm32cubemx\thirdparties\pdsc\STMicroelectronics.X-CUBE-TOF1.3.4.3.pdsc: PDSC version is not supported
2026-02-11 21:53:18,618 [WARN] PackLoader:240 - Cannot read IP mode file for STMicroelectronics.X-CUBE-TOF1.3.4.0
2026-02-11 21:53:18,673 [WARN] PackLoader:240 - Cannot read IP mode file for STMicroelectronics.X-CUBE-TOF1.3.4.1
2026-02-11 21:53:18,741 [WARN] PackLoader:240 - Cannot read IP mode file for STMicroelectronics.X-CUBE-AZRTOS-H7.3.2.0
2026-02-11 21:53:18,771 [WARN] PackLoader:240 - Cannot read IP mode file for wolfSSL.I-CUBE-wolfSSH.1.4.17
2026-02-11 21:53:18,771 [INFO] ThirdParty:978 - Integrity check success = true
2026-02-11 21:53:18,772 [INFO] IntegrityCheckThread:100 - exiting critical section [integrity check]
2026-02-11 21:53:18,772 [INFO] IntegrityCheckThread:103 - End integrity checks thread
2026-02-11 21:53:31,419 [ERROR] LogOutputStream:75 - [STDERR_REDIRECT] SLF4J: Failed to load class "org.slf4j.impl.StaticLoggerBinder".
2026-02-11 21:53:31,420 [ERROR] LogOutputStream:75 - [STDERR_REDIRECT] SLF4J: Defaulting to no-operation (NOP) logger implementation
2026-02-11 21:53:31,421 [ERROR] LogOutputStream:75 - [STDERR_REDIRECT] SLF4J: See http://www.slf4j.org/codes.html#StaticLoggerBinder for further details.
